<?xml version="1.0" encoding="utf-8"?><testsuites name="pytest tests"><testsuite name="pytest" errors="0" failures="0" skipped="21" tests="1287" time="59.340" timestamp="2026-09-09T17:10:33.678220+08:00" hostname="droid-z790eagleax"><testcase classname="tests.rl100.test_checkpoint_adapter" name="test_checkpoint_adapter_loads_policy_and_processors" time="0.023" /><testcase classname="tests.rl100.test_checkpoint_adapter" name="test_checkpoint_adapter_dispatches_and_replays_dp3" time="0.316" /><testcase classname="tests.rl100.test_checkpoint_adapter" name="test_checkpoint_adapter_normalization_round_trip" time="0.001" /><testcase classname="tests.rl100.test_checkpoint_adapter" name="test_checkpoint_adapter_promotes_half_actions_to_finite_float32" time="0.001" /><testcase classname="tests.rl100.test_checkpoint_adapter" name="test_checkpoint_adapter_normalizes_batched_state_history" time="0.001" /><testcase classname="tests.rl100.test_checkpoint_adapter" name="test_active_action_mask_uses_real_saved_ranges" time="0.000"><skipped type="pytest.skip" message="real checkpoint is unavailable: outputs/train/moya_diffusion_300k_20260815-093537/train/checkpoints/080000/pretrained_model">/home/droid/project/lerobot_droid/.worktrees/upstream-0.6-custom/tests/rl100/test_checkpoint_adapter.py:231: real checkpoint is unavailable: outputs/train/moya_diffusion_300k_20260815-093537/train/checkpoints/080000/pretrained_model</skipped></testcase><testcase classname="tests.rl100.test_checkpoint_adapter" name="test_active_action_mask_rejects_inverted_ranges" time="0.001" /><testcase classname="tests.rl100.test_checkpoint_adapter" name="test_processor_fingerprint_is_stable_sha256" time="0.001" /><testcase classname="tests.rl100.test_checkpoint_adapter" name="test_processor_fingerprint_tracks_referenced_state_file" time="0.002" /><testcase classname="tests.rl100.test_checkpoint_adapter" name="test_processor_fingerprint_accepts_relative_checkpoint_path" time="0.001" /><testcase classname="tests.rl100.test_checkpoint_adapter" name="test_checkpoint_load_is_strict_about_missing_weights" time="0.006" /><testcase classname="tests.rl100.test_checkpoint_adapter" name="test_checkpoint_rejects_mismatched_processor_stats" time="0.006" /><testcase classname="tests.rl100.test_checkpoint_adapter" name="test_checkpoint_ignores_auxiliary_stat_shape_mismatch" time="0.007" /><testcase classname="tests.rl100.test_checkpoint_adapter" name="test_checkpoint_rejects_mismatched_state_feature_descriptor" time="0.006" /><testcase classname="tests.rl100.test_checkpoint_adapter" name="test_checkpoint_rejects_mismatched_state_normalization_mode" time="0.006" /><testcase classname="tests.rl100.test_checkpoint_adapter" name="test_checkpoint_rejects_missing_state_normalization_stats" time="0.006" /><testcase classname="tests.rl100.test_checkpoint_adapter" name="test_checkpoint_rejects_mismatched_postprocessor_action_type" time="0.006" /><testcase classname="tests.rl100.test_checkpoint_adapter" name="test_checkpoint_rejects_extra_postprocessor_feature" time="0.006" /><testcase classname="tests.rl100.test_checkpoint_adapter" name="test_visual_stats_broadcast_for_observation_image_dot_key" time="0.001" /><testcase classname="tests.rl100.test_checkpoint_adapter" name="test_checkpoint_rejects_external_processor_state_before_loading" time="0.001" /><testcase classname="tests.rl100.test_checkpointing" name="test_immutable_bundle_round_trip_keeps_standard_policy_and_safe_state" time="0.042" /><testcase classname="tests.rl100.test_checkpointing" name="test_checkpoint_destination_is_never_overwritten" time="0.012" /><testcase classname="tests.rl100.test_checkpointing" name="test_checkpoint_rejects_changed_processor_path_without_reading_outside" time="0.008" /><testcase classname="tests.rl100.test_checkpointing" name="test_checkpoint_rejects_symlinked_processor_state" time="0.008" /><testcase classname="tests.rl100.test_checkpointing" name="test_checkpoint_rejects_processor_fingerprint_provenance_mismatch" time="0.008" /><testcase classname="tests.rl100.test_checkpointing" name="test_checkpoint_metrics_snapshot_must_match_counter" time="0.010" /><testcase classname="tests.rl100.test_checkpointing" name="test_provenance_rejects_unreviewed_rl100_commits" time="0.008" /><testcase classname="tests.rl100.test_checkpointing" name="test_rename_noreplace_fails_closed_without_atomic_primitive" time="0.001" /><testcase classname="tests.rl100.test_ddim_trace" name="test_stochastic_ddim_replay_matches_sample_and_backpropagates[epsilon]" time="0.001" /><testcase classname="tests.rl100.test_ddim_trace" name="test_stochastic_ddim_replay_matches_sample_and_backpropagates[sample]" time="0.001" /><testcase classname="tests.rl100.test_ddim_trace" name="test_stochastic_ddim_uses_configured_clipping_at_final_transition" time="0.001" /><testcase classname="tests.rl100.test_ddim_trace" name="test_stochastic_ddim_separates_sampling_and_probability_sigma" time="0.001" /><testcase classname="tests.rl100.test_ddim_trace" name="test_stochastic_ddim_rejects_invalid_schedule_pair" time="0.000" /><testcase classname="tests.rl100.test_ddim_trace" name="test_stochastic_ddim_rejects_nonfinite_raw_sigma" time="0.001" /><testcase classname="tests.rl100.test_ddim_trace" name="test_trace_replay_has_unit_ratio_and_unet_gradients" time="0.099" /><testcase classname="tests.rl100.test_ddim_trace" name="test_adapter_reports_effective_and_raw_sigma_for_each_denoising_step" time="0.001" /><testcase classname="tests.rl100.test_ddim_trace" name="test_probability_sigma_does_not_change_sampled_trace" time="0.043" /><testcase classname="tests.rl100.test_ddim_trace" name="test_adapter_rejects_mismatched_transition_contract" time="0.001" /><testcase classname="tests.rl100.test_ddim_trace" name="test_adapter_rejects_trace_with_inconsistent_final_action" time="0.003" /><testcase classname="tests.rl100.test_ddim_trace" name="test_execution_slice_starts_after_observation_prefix" time="0.003" /><testcase classname="tests.rl100.test_ddim_trace" name="test_stepwise_replay_backpropagates_without_retaining_previous_graphs" time="0.071" /><testcase classname="tests.rl100.test_ddim_trace" name="test_single_step_image_stack_matches_lerobot_shape" time="0.001" /><testcase classname="tests.rl100.test_ddim_trace" name="test_adapter_creates_generator_on_policy_device" time="0.000" /><testcase classname="tests.rl100.test_ddim_trace" name="test_stochastic_ddim_rejects_cpu_generator_for_cuda_sample" time="0.248" /><testcase classname="tests.rl100.test_ddim_trace" name="test_stochastic_ddim_rejects_generator_on_wrong_cuda_index" time="0.000"><skipped type="pytest.skip" message="requires two CUDA devices">/home/droid/project/lerobot_droid/.worktrees/upstream-0.6-custom/tests/rl100/test_ddim_trace.py:435: requires two CUDA devices</skipped></testcase><testcase classname="tests.rl100.test_ddim_trace" name="test_rl_scheduler_is_private" time="0.000" /><testcase classname="tests.rl100.test_dynamics" name="test_dynamics_predicts_next_state_history_reward_and_done" time="0.003" /><testcase classname="tests.rl100.test_dynamics" name="test_dynamics_update_is_finite_and_keeps_encoder_frozen" time="0.005" /><testcase classname="tests.rl100.test_dynamics" name="test_dynamics_feature_encoder_can_follow_trained_iql_encoder" time="0.001" /><testcase classname="tests.rl100.test_dynamics" name="test_dynamics_update_is_transactional_when_later_member_loss_overflows" time="0.005" /><testcase classname="tests.rl100.test_dynamics" name="test_dynamics_update_is_transactional_when_later_member_gradient_overflows" time="0.006" /><testcase classname="tests.rl100.test_dynamics" name="test_dynamics_bootstrap_indices_are_deterministic_and_member_specific" time="0.001" /><testcase classname="tests.rl100.test_dynamics" name="test_dynamics_ignores_inactive_and_padded_action_values" time="0.002" /><testcase classname="tests.rl100.test_dynamics" name="test_promotion_gate_requires_valid_dynamics_and_margin" time="0.000" /><testcase classname="tests.rl100.test_dynamics" name="test_promotion_gate_uses_stronger_critic_reference_and_rejects_nonfinite" time="0.000" /><testcase classname="tests.rl100.test_dynamics" name="test_promotion_gate_handles_zero_baseline_and_validation_boundary" time="0.000" /><testcase classname="tests.rl100.test_dynamics" name="test_promotion_gate_rejects_exact_required_return_boundary" time="0.000" /><testcase classname="tests.rl100.test_dynamics" name="test_dynamics_rejects_nonbinary_sparse_reward" time="0.002" /><testcase classname="tests.rl100.test_dynamics" name="test_promotion_gate_rejects_negative_validation_loss" time="0.000" /><testcase classname="tests.rl100.test_dynamics" name="test_paper_amq_gate_uses_behavior_reference_and_inclusive_margin" time="0.000" /><testcase classname="tests.rl100.test_dynamics" name="test_paper_amq_gate_zero_baseline_has_zero_required_margin" time="0.000" /><testcase classname="tests.rl100.test_encoder_freezing" name="test_freeze_encoder_excludes_observation_encoder_from_q_optimizer" time="0.001" /><testcase classname="tests.rl100.test_encoder_freezing" name="test_freeze_encoder_keeps_encoder_weights_unchanged_across_update" time="0.003" /><testcase classname="tests.rl100.test_encoder_freezing" name="test_dp3_adapter_freezes_policy_observation_encoder" time="0.238" /><testcase classname="tests.rl100.test_encoder_freezing" name="test_dp3_adapter_freeze_is_idempotent" time="0.253" /><testcase classname="tests.rl100.test_encoder_freezing" name="test_freeze_observation_encoder_is_noop_for_state_only_policy" time="0.011" /><testcase classname="tests.rl100.test_gae" name="test_gae_matches_hand_calculated_reverse_time_recurrence" time="0.001" /><testcase classname="tests.rl100.test_gae" name="test_gae_keeps_world_recursions_independent" time="0.001" /><testcase classname="tests.rl100.test_gae" name="test_gae_supports_single_time_step_and_single_world" time="0.000" /><testcase classname="tests.rl100.test_gae" name="test_compute_vector_gae_exposes_time_major_contract" time="0.000" /><testcase classname="tests.rl100.test_gae" name="test_gae_rejects_discount_outside_unit_interval" time="0.000" /><testcase classname="tests.rl100.test_gae" name="test_gae_uses_per_step_discounts_in_delta_and_recursion" time="0.000" /><testcase classname="tests.rl100.test_gae" name="test_done_cuts_bootstrap_and_future_advantage_recursion" time="0.000" /><testcase classname="tests.rl100.test_gae" name="test_gae_result_is_frozen" time="0.000" /><testcase classname="tests.rl100.test_gae" name="test_gae_rejects_non_floating_numeric_inputs[values]" time="0.000" /><testcase classname="tests.rl100.test_gae" name="test_gae_rejects_non_floating_numeric_inputs[next_values]" time="0.000" /><testcase classname="tests.rl100.test_gae" name="test_gae_rejects_non_floating_numeric_inputs[reward]" time="0.000" /><testcase classname="tests.rl100.test_gae" name="test_gae_rejects_non_floating_numeric_inputs[discount]" time="0.000" /><testcase classname="tests.rl100.test_gae" name="test_gae_rejects_non_boolean_done" time="0.000" /><testcase classname="tests.rl100.test_gae" name="test_gae_rejects_malformed_or_mismatched_shapes[values-invalid0]" time="0.000" /><testcase classname="tests.rl100.test_gae" name="test_gae_rejects_malformed_or_mismatched_shapes[values-invalid1]" time="0.000" /><testcase classname="tests.rl100.test_gae" name="test_gae_rejects_malformed_or_mismatched_shapes[values-invalid2]" time="0.000" /><testcase classname="tests.rl100.test_gae" name="test_gae_rejects_malformed_or_mismatched_shapes[next_values-invalid3]" time="0.000" /><testcase classname="tests.rl100.test_gae" name="test_gae_rejects_malformed_or_mismatched_shapes[reward-invalid4]" time="0.000" /><testcase classname="tests.rl100.test_gae" name="test_gae_rejects_malformed_or_mismatched_shapes[discount-invalid5]" time="0.001" /><testcase classname="tests.rl100.test_gae" name="test_gae_rejects_malformed_or_mismatched_shapes[done-invalid6]" time="0.001" /><testcase classname="tests.rl100.test_gae" name="test_gae_rejects_nonfinite_tensor_values[nan-values]" time="0.000" /><testcase classname="tests.rl100.test_gae" name="test_gae_rejects_nonfinite_tensor_values[nan-next_values]" time="0.000" /><testcase classname="tests.rl100.test_gae" name="test_gae_rejects_nonfinite_tensor_values[nan-reward]" time="0.000" /><testcase classname="tests.rl100.test_gae" name="test_gae_rejects_nonfinite_tensor_values[nan-discount]" time="0.000" /><testcase classname="tests.rl100.test_gae" name="test_gae_rejects_nonfinite_tensor_values[inf-values]" time="0.000" /><testcase classname="tests.rl100.test_gae" name="test_gae_rejects_nonfinite_tensor_values[inf-next_values]" time="0.000" /><testcase classname="tests.rl100.test_gae" name="test_gae_rejects_nonfinite_tensor_values[inf-reward]" time="0.000" /><testcase classname="tests.rl100.test_gae" name="test_gae_rejects_nonfinite_tensor_values[inf-discount]" time="0.000" /><testcase classname="tests.rl100.test_gae" name="test_gae_rejects_nonfinite_tensor_values[-inf-values]" time="0.000" /><testcase classname="tests.rl100.test_gae" name="test_gae_rejects_nonfinite_tensor_values[-inf-next_values]" time="0.000" /><testcase classname="tests.rl100.test_gae" name="test_gae_rejects_nonfinite_tensor_values[-inf-reward]" time="0.000" /><testcase classname="tests.rl100.test_gae" name="test_gae_rejects_nonfinite_tensor_values[-inf-discount]" time="0.000" /><testcase classname="tests.rl100.test_gae" name="test_gae_rejects_invalid_lambda[-0.01]" time="0.000" /><testcase classname="tests.rl100.test_gae" name="test_gae_rejects_invalid_lambda[1.01]" time="0.000" /><testcase classname="tests.rl100.test_gae" name="test_gae_rejects_invalid_lambda[nan]" time="0.000" /><testcase classname="tests.rl100.test_gae" name="test_gae_rejects_invalid_lambda[inf]" time="0.000" /><testcase classname="tests.rl100.test_gae" name="test_gae_rejects_invalid_lambda[-inf]" time="0.000" /><testcase classname="tests.rl100.test_gae" name="test_gae_rejects_invalid_lambda[True]" time="0.000" /><testcase classname="tests.rl100.test_gae" name="test_gae_rejects_invalid_lambda[0.95]" time="0.000" /><testcase classname="tests.rl100.test_gae" name="test_gae_rejects_invalid_lambda[gae_lambda7]" time="0.001" /><testcase classname="tests.rl100.test_il_warmstart" name="test_fixed_pretrained_stats_are_not_overridden" time="0.000" /><testcase classname="tests.rl100.test_il_warmstart" name="test_default_pretrained_training_uses_current_dataset_stats" time="0.000" /><testcase classname="tests.rl100.test_il_warmstart" name="test_il_command_enables_fixed_processor_stats" time="0.001" /><testcase classname="tests.rl100.test_il_warmstart" name="test_il_command_rejects_missing_checkpoint" time="0.000" /><testcase classname="tests.rl100.test_il_warmstart" name="test_processor_fingerprint_uses_runtime_normalization_semantics" time="0.003" /><testcase classname="tests.rl100.test_il_warmstart" name="test_processor_fingerprint_rejects_unknown_normalization_mode" time="0.001" /><testcase classname="tests.rl100.test_iql" name="test_action_packer_excludes_constant_dimensions_and_padding" time="0.001" /><testcase classname="tests.rl100.test_iql" name="test_action_packer_rejects_nonprefix_or_empty_valid_masks" time="0.000" /><testcase classname="tests.rl100.test_iql" name="test_expectile_loss_uses_asymmetric_weights" time="0.000" /><testcase classname="tests.rl100.test_iql" name="test_td_target_uses_saved_discount_and_terminal_mask" time="0.000" /><testcase classname="tests.rl100.test_iql" name="test_iql_update_and_advantage_are_finite" time="0.004" /><testcase classname="tests.rl100.test_iql" name="test_iql_optimizers_do_not_share_parameters" time="0.002" /><testcase classname="tests.rl100.test_iql" name="test_iql_advantage_batch_one_falls_back_to_raw_value" time="0.002" /><testcase classname="tests.rl100.test_iql" name="test_iql_q_value_is_raw_conservative_minimum" time="0.002" /><testcase classname="tests.rl100.test_iql" name="test_iql_polyak_update_moves_target_toward_updated_online" time="0.003" /><testcase classname="tests.rl100.test_iql" name="test_iql_advantage_ignores_inactive_and_padded_values" time="0.002" /><testcase classname="tests.rl100.test_iql" name="test_iql_nonfinite_value_loss_is_rejected_without_partial_update" time="0.006" /><testcase classname="tests.rl100.test_iql" name="test_iql_nonfinite_q_loss_is_rejected_without_partial_update" time="0.006" /><testcase classname="tests.rl100.test_iterative_offline" name="test_best_checkpoint_is_selected_by_measured_success" time="0.001" /><testcase classname="tests.rl100.test_iterative_offline" name="test_best_checkpoint_tie_uses_earlier_sync" time="0.001" /><testcase classname="tests.rl100.test_iterative_offline" name="test_best_checkpoint_requires_the_requested_evaluation_size" time="0.001" /><testcase classname="tests.rl100.test_iterative_offline" name="test_sync_only_selection_ignores_actor_evaluations" time="0.001" /><testcase classname="tests.rl100.test_iterative_offline" name="test_il_checkpoint_selection_prefers_highest_newton_success" time="0.000" /><testcase classname="tests.rl100.test_iterative_offline" name="test_offline_il_checkpoint_can_be_pinned_to_final" time="0.001" /><testcase classname="tests.rl100.test_iterative_offline" name="test_il_checkpoint_specs_include_ten_5k_evaluation_points" time="0.001" /><testcase classname="tests.rl100.test_iterative_offline" name="test_il_evaluation_reuses_only_matching_provenance" time="0.002" /><testcase classname="tests.rl100.test_iterative_offline" name="test_trainer_written_provenance_is_reused_without_subprocess" time="0.001" /><testcase classname="tests.rl100.test_iterative_offline" name="test_trainer_writes_no_provenance_without_same_step_checkpoint" time="0.000" /><testcase classname="tests.rl100.test_iterative_offline" name="test_il_evaluation_reruns_missing_or_invalid_provenance[None]" time="0.001" /><testcase classname="tests.rl100.test_iterative_offline" name="test_il_evaluation_reruns_missing_or_invalid_provenance[not-json]" time="0.001" /><testcase classname="tests.rl100.test_iterative_offline" name="test_il_evaluation_reruns_missing_or_invalid_provenance[{&quot;episodes&quot;: 1}]" time="0.001" /><testcase classname="tests.rl100.test_iterative_offline" name="test_il_evaluation_checkpoint_mutation_invalidates_provenance" time="0.002" /><testcase classname="tests.rl100.test_iterative_offline" name="test_il_evaluation_recovers_incomplete_point_directory" time="0.001" /><testcase classname="tests.rl100.test_iterative_offline" name="test_il_evaluation_unlinks_stale_point_symlink_without_deleting_target" time="0.001" /><testcase classname="tests.rl100.test_iterative_offline" name="test_il_evaluation_writes_no_provenance_before_newton_succeeds" time="0.001" /><testcase classname="tests.rl100.test_iterative_offline" name="test_best_checkpoint_requires_complete_evaluation" time="0.001" /><testcase classname="tests.rl100.test_iterative_offline" name="test_parser_defaults_dynamic_selection_and_resume" time="0.001" /><testcase classname="tests.rl100.test_iterative_offline" name="test_selection_payload_detects_source_artifact_mutation" time="0.001" /><testcase classname="tests.rl100.test_iterative_offline" name="test_smoke_offline_command_uses_direct_sync_instead_of_amq" time="0.001" /><testcase classname="tests.rl100.test_iterative_offline" name="test_offline_validation_rejects_corrupt_final_manifest" time="0.001" /><testcase classname="tests.rl100.test_iterative_offline" name="test_dry_run_is_idempotent" time="0.003" /><testcase classname="tests.rl100.test_iterative_offline" name="test_dry_run_after_failed_stage_does_not_grow_history" time="0.004" /><testcase classname="tests.rl100.test_iterative_offline" name="test_complete_round_rechecks_current_source_selection" time="0.001" /><testcase classname="tests.rl100.test_iterative_offline" name="test_complete_round_resume_runs_no_stage_commands" time="0.002" /><testcase classname="tests.rl100.test_iterative_offline" name="test_run_adds_collection_merge_tail_after_full_round" time="0.001" /><testcase classname="tests.rl100.test_iterative_offline" name="test_collection_merge_round_returns_before_il_and_offline" time="0.002" /><testcase classname="tests.rl100.test_iterative_offline" name="test_replaced_rollout_rebuilds_all_downstream_stages" time="0.005" /><testcase classname="tests.rl100.test_lerobot_v3_adapter" name="test_terminal_success_uses_fifteen_millimeters" time="0.000" /><testcase classname="tests.rl100.test_lerobot_v3_adapter" name="test_terminal_success_requires_all_acceptance_conditions[true_grasp_ever-False]" time="0.000" /><testcase classname="tests.rl100.test_lerobot_v3_adapter" name="test_terminal_success_requires_all_acceptance_conditions[clear_table_ever-False]" time="0.000" /><testcase classname="tests.rl100.test_lerobot_v3_adapter" name="test_terminal_success_requires_all_acceptance_conditions[final_table_contacts-1]" time="0.000" /><testcase classname="tests.rl100.test_lerobot_v3_adapter" name="test_terminal_success_requires_all_acceptance_conditions[final_hand_contacts-0]" time="0.000" /><testcase classname="tests.rl100.test_lerobot_v3_adapter" name="test_terminal_success_rejects_missing_acceptance_fields" time="0.000" /><testcase classname="tests.rl100.test_lerobot_v3_adapter" name="test_terminal_success_rejects_malformed_acceptance_types[overrides0]" time="0.000" /><testcase classname="tests.rl100.test_lerobot_v3_adapter" name="test_terminal_success_rejects_malformed_acceptance_types[overrides1]" time="0.000" /><testcase classname="tests.rl100.test_lerobot_v3_adapter" name="test_terminal_success_rejects_malformed_acceptance_types[overrides2]" time="0.000" /><testcase classname="tests.rl100.test_lerobot_v3_adapter" name="test_terminal_success_rejects_malformed_acceptance_types[overrides3]" time="0.000" /><testcase classname="tests.rl100.test_lerobot_v3_adapter" name="test_build_decisions_adds_only_terminal_sparse_reward" time="0.001" /><testcase classname="tests.rl100.test_lerobot_v3_adapter" name="test_canonical_success_fields_drive_chunk_rewards_and_done_flags" time="0.001" /><testcase classname="tests.rl100.test_lerobot_v3_adapter" name="test_canonical_fields_reject_malformed_episode_rows[early_reward-reward.*nonterminal]" time="0.001" /><testcase classname="tests.rl100.test_lerobot_v3_adapter" name="test_canonical_fields_reject_malformed_episode_rows[early_done-final.*done|done.*final]" time="0.001" /><testcase classname="tests.rl100.test_lerobot_v3_adapter" name="test_canonical_fields_reject_malformed_episode_rows[success_truncated-terminal tuple]" time="0.000" /><testcase classname="tests.rl100.test_lerobot_v3_adapter" name="test_canonical_fields_reject_malformed_episode_rows[failure_not_truncated-terminal tuple]" time="0.000" /><testcase classname="tests.rl100.test_lerobot_v3_adapter" name="test_canonical_fields_reject_malformed_episode_rows[nonbinary_reward-terminal tuple|binary]" time="0.001" /><testcase classname="tests.rl100.test_lerobot_v3_adapter" name="test_canonical_fields_reject_malformed_episode_rows[flat_reward-next.reward.*shape]" time="0.000" /><testcase classname="tests.rl100.test_lerobot_v3_adapter" name="test_canonical_fields_reject_malformed_episode_rows[wide_done-next.done.*shape]" time="0.001" /><testcase classname="tests.rl100.test_lerobot_v3_adapter" name="test_canonical_fields_reject_malformed_episode_rows[wrong_reward_dtype-next.reward.*float32]" time="0.000" /><testcase classname="tests.rl100.test_lerobot_v3_adapter" name="test_canonical_fields_reject_malformed_episode_rows[wrong_done_dtype-next.done.*bool]" time="0.000" /><testcase classname="tests.rl100.test_lerobot_v3_adapter" name="test_canonical_fields_must_be_all_or_none" time="0.000" /><testcase classname="tests.rl100.test_lerobot_v3_adapter" name="test_canonical_terminal_reward_must_match_summary_label" time="0.000" /><testcase classname="tests.rl100.test_lerobot_v3_adapter" name="test_failed_episode_keeps_terminal_reward_zero" time="0.001" /><testcase classname="tests.rl100.test_lerobot_v3_adapter" name="test_build_decisions_accepts_zero_discount" time="0.000" /><testcase classname="tests.rl100.test_lerobot_v3_adapter" name="test_decision_history_and_action_padding" time="0.001" /><testcase classname="tests.rl100.test_lerobot_v3_adapter" name="test_image_keys_survive_decision_construction" time="0.001" /><testcase classname="tests.rl100.test_lerobot_v3_adapter" name="test_build_decisions_supports_custom_state_key" time="0.000" /><testcase classname="tests.rl100.test_lerobot_v3_adapter" name="test_build_decisions_rejects_invalid_episode_tensors[nonfinite]" time="0.000" /><testcase classname="tests.rl100.test_lerobot_v3_adapter" name="test_build_decisions_rejects_invalid_episode_tensors[nonmonotonic]" time="0.001" /><testcase classname="tests.rl100.test_lerobot_v3_adapter" name="test_build_decisions_rejects_invalid_episode_tensors[mixed_episode]" time="0.000" /><testcase classname="tests.rl100.test_lerobot_v3_adapter" name="test_load_episode_labels_rejects_duplicates_and_index_mismatches" time="0.001" /><testcase classname="tests.rl100.test_lerobot_v3_adapter" name="test_canonical_dataset_uses_raw_terminal_fields" time="0.001" /><testcase classname="tests.rl100.test_lerobot_v3_adapter" name="test_canonical_dataset_rejects_partial_feature_schema" time="0.001" /><testcase classname="tests.rl100.test_lerobot_v3_adapter" name="test_canonical_dataset_requires_completed_matching_summary[overrides0]" time="0.001" /><testcase classname="tests.rl100.test_lerobot_v3_adapter" name="test_canonical_dataset_requires_completed_matching_summary[overrides1]" time="0.001" /><testcase classname="tests.rl100.test_lerobot_v3_adapter" name="test_canonical_dataset_requires_completed_matching_summary[overrides2]" time="0.001" /><testcase classname="tests.rl100.test_lerobot_v3_adapter" name="test_canonical_dataset_rejects_staging_path" time="0.001" /><testcase classname="tests.rl100.test_lerobot_v3_adapter" name="test_canonical_dataset_cross_checks_five_summary_fields" time="0.001" /><testcase classname="tests.rl100.test_lerobot_v3_adapter" name="test_decision_dataset_reports_label_and_chunk_statistics" time="0.001" /><testcase classname="tests.rl100.test_lerobot_v3_adapter" name="test_camera_features_are_detected_from_metadata_and_loaded_lazily" time="0.001" /><testcase classname="tests.rl100.test_lerobot_v3_adapter" name="test_camera_frame_cache_predecodes_required_rows_once" time="0.001" /><testcase classname="tests.rl100.test_lerobot_v3_merge" name="test_merge_materializes_legacy_base_and_rollout" time="0.292" /><testcase classname="tests.rl100.test_lerobot_v3_merge" name="test_merge_requires_equal_tasks_without_canonical_task" time="0.091" /><testcase classname="tests.rl100.test_lerobot_v3_merge" name="test_merge_accepts_prior_canonical_merge_provenance" time="0.361" /><testcase classname="tests.rl100.test_lerobot_v3_merge" name="test_rollout_fields_must_match_summary" time="0.099" /><testcase classname="tests.rl100.test_lerobot_v3_merge" name="test_schema_mismatch_is_rejected" time="0.090" /><testcase classname="tests.rl100.test_lerobot_v3_merge" name="test_writer_failure_is_atomic" time="0.096" /><testcase classname="tests.rl100.test_lerobot_v3_merge" name="test_output_inside_source_is_rejected_before_staging" time="0.018" /><testcase classname="tests.rl100.test_lerobot_v3_merge" name="test_canonical_merge_output_can_be_used_as_next_round_base" time="0.298" /><testcase classname="tests.rl100.test_lerobot_v3_merge" name="test_explicit_empty_source_task_is_rejected" time="0.090" /><testcase classname="tests.rl100.test_moya_adapter" name="test_terminal_next_state_uses_final_obs_and_keeps_non_done_row" time="0.001" /><testcase classname="tests.rl100.test_moya_adapter" name="test_final_observation_alias_and_explicit_mask" time="0.000" /><testcase classname="tests.rl100.test_moya_adapter" name="test_collated_dict_of_arrays_final_observation" time="0.000" /><testcase classname="tests.rl100.test_moya_adapter" name="test_per_environment_dict_object_array_final_observation" time="0.000" /><testcase classname="tests.rl100.test_moya_adapter" name="test_per_environment_tuple_is_data_not_an_alias_marker" time="0.000" /><testcase classname="tests.rl100.test_moya_adapter" name="test_missing_final_state_for_done_row_is_rejected" time="0.000" /><testcase classname="tests.rl100.test_moya_adapter" name="test_final_mask_must_match_done" time="0.000" /><testcase classname="tests.rl100.test_moya_adapter" name="test_final_state_shape_and_finite_values_are_validated[bad_final0]" time="0.000" /><testcase classname="tests.rl100.test_moya_adapter" name="test_final_state_shape_and_finite_values_are_validated[bad_final1]" time="0.000" /><testcase classname="tests.rl100.test_moya_adapter" name="test_no_final_payload_is_allowed_when_no_world_is_done" time="0.000" /><testcase classname="tests.rl100.test_moya_adapter" name="test_extract_state_observation_accepts_lerobot_mapping" time="0.000" /><testcase classname="tests.rl100.test_moya_adapter" name="test_terminal_success_uses_collated_final_info_not_top_level_info" time="0.000" /><testcase classname="tests.rl100.test_moya_adapter" name="test_terminal_success_accepts_per_environment_final_info" time="0.000" /><testcase classname="tests.rl100.test_moya_adapter" name="test_terminal_success_requires_matching_final_info_mask" time="0.000" /><testcase classname="tests.rl100.test_moya_adapter" name="test_create_moya_env_uses_sync_factory" time="0.000" /><testcase classname="tests.rl100.test_moya_adapter" name="test_create_moya_env_rejects_changed_success_threshold" time="0.000" /><testcase classname="tests.rl100.test_moya_il_collector" name="test_first_acceptance_step_freezes_episode" time="0.001" /><testcase classname="tests.rl100.test_moya_il_collector" name="test_success_requires_all_five_conditions" time="0.001" /><testcase classname="tests.rl100.test_moya_il_collector" name="test_exact_fifteen_millimetres_is_success" time="0.000" /><testcase classname="tests.rl100.test_moya_il_collector" name="test_horizon_success_takes_precedence_over_truncation" time="0.000" /><testcase classname="tests.rl100.test_moya_il_collector" name="test_native_success_flag_is_not_part_of_acceptance_rule" time="0.000" /><testcase classname="tests.rl100.test_moya_il_collector" name="test_recording_mask_is_a_low_index_tail_mask" time="0.000" /><testcase classname="tests.rl100.test_moya_il_collector" name="test_batch_seeds_are_deterministic_and_tail_independent" time="0.000" /><testcase classname="tests.rl100.test_moya_il_collector" name="test_extract_diagnostics_uses_same_step_final_info_for_done_rows" time="0.000" /><testcase classname="tests.rl100.test_moya_il_collector" name="test_extract_diagnostics_accepts_per_environment_final_info" time="0.000" /><testcase classname="tests.rl100.test_moya_il_collector" name="test_missing_sparse_reward_components_are_zero" time="0.000" /><testcase classname="tests.rl100.test_moya_il_collector" name="test_missing_final_sparse_reward_components_replace_reset_values_with_zero" time="0.000" /><testcase classname="tests.rl100.test_moya_il_collector" name="test_present_sparse_reward_component_remains_strict" time="0.000" /><testcase classname="tests.rl100.test_moya_il_collector" name="test_final_info_mask_must_match_native_done" time="0.000" /><testcase classname="tests.rl100.test_moya_il_collector" name="test_missing_component_keys_are_rejected[charger_lift_height]" time="0.000" /><testcase classname="tests.rl100.test_moya_il_collector" name="test_missing_component_keys_are_rejected[charger_table_contacts]" time="0.000" /><testcase classname="tests.rl100.test_moya_il_collector" name="test_missing_component_keys_are_rejected[right_hand_charger_contacts]" time="0.000" /><testcase classname="tests.rl100.test_moya_il_collector" name="test_malformed_or_nonfinite_diagnostics_are_rejected[bad_value0]" time="0.000" /><testcase classname="tests.rl100.test_moya_il_collector" name="test_malformed_or_nonfinite_diagnostics_are_rejected[bad_value1]" time="0.000" /><testcase classname="tests.rl100.test_moya_il_collector" name="test_state_and_action_contracts_are_validated" time="0.000" /><testcase classname="tests.rl100.test_moya_il_collector" name="test_collected_episode_requires_canonical_terminal_tuple" time="0.000" /><testcase classname="tests.rl100.test_moya_il_collector" name="test_collect_rollouts_keeps_tail_order_and_executed_actions" time="0.001" /><testcase classname="tests.rl100.test_moya_il_collector" name="test_publish_collection_round_trips_canonical_v3_without_video" time="0.158" /><testcase classname="tests.rl100.test_moya_il_collector" name="test_publish_failure_leaves_only_incomplete_staging" time="0.001" /><testcase classname="tests.rl100.test_observation_encoder" name="test_state_encoder_outputs_fixed_feature_size" time="0.001" /><testcase classname="tests.rl100.test_observation_encoder" name="test_state_encoder_supports_custom_state_key" time="0.001" /><testcase classname="tests.rl100.test_observation_encoder" name="test_images_require_registered_feature_encoder" time="0.001" /><testcase classname="tests.rl100.test_observation_encoder" name="test_generic_pixels_require_registered_feature_encoder" time="0.001" /><testcase classname="tests.rl100.test_observation_encoder" name="test_state_encoder_can_ignore_auxiliary_policy_modalities" time="0.000" /><testcase classname="tests.rl100.test_observation_encoder" name="test_registered_image_encoder_is_composed_with_state_features" time="0.001" /><testcase classname="tests.rl100.test_observation_encoder" name="test_non_image_high_rank_tensor_is_not_treated_as_an_image" time="0.000" /><testcase classname="tests.rl100.test_observation_encoder" name="test_image_metadata_is_not_treated_as_an_image" time="0.000" /><testcase classname="tests.rl100.test_observation_encoder" name="test_observation_image_dot_key_requires_registered_encoder" time="0.000" /><testcase classname="tests.rl100.test_observation_encoder" name="test_state_encoder_rejects_wrong_history_shape" time="0.000" /><testcase classname="tests.rl100.test_offline_trainer" name="test_eval_policy_snapshot_is_loadable_with_processor_artifacts" time="0.017" /><testcase classname="tests.rl100.test_offline_trainer" name="test_offline_train_step_updates_current_but_not_old_without_sync" time="0.081" /><testcase classname="tests.rl100.test_offline_trainer" name="test_offline_actor_diagnostics_hide_per_denoising_metrics_by_default" time="0.161" /><testcase classname="tests.rl100.test_offline_trainer" name="test_ppo_epochs_replay_one_behavior_trace_and_report_post_update_kl" time="0.139" /><testcase classname="tests.rl100.test_offline_trainer" name="test_state_amq_is_paired_and_promotion_is_explicit" time="0.093" /><testcase classname="tests.rl100.test_offline_trainer" name="test_observation_normalization_round_trip_for_amq_state" time="0.018" /><testcase classname="tests.rl100.test_offline_trainer" name="test_offline_phase_rows_are_one_based_and_mirrored_after_local_flush" time="0.094" /><testcase classname="tests.rl100.test_offline_trainer" name="test_strict_tracker_failure_happens_after_local_row_is_committed" time="0.024" /><testcase classname="tests.rl100.test_online_trainer" name="test_collect_stores_partial_chunks_sparse_reward_and_terminal_state" time="0.056" /><testcase classname="tests.rl100.test_online_trainer" name="test_collect_can_use_environment_rewards" time="0.044" /><testcase classname="tests.rl100.test_online_trainer" name="test_final_obs_selection_is_dimension_agnostic_for_dp3_features" time="0.001" /><testcase classname="tests.rl100.test_online_trainer" name="test_done_world_history_advances_with_same_step_reset_frames" time="0.056" /><testcase classname="tests.rl100.test_online_trainer" name="test_online_update_is_finite_and_syncs_rollout_policy" time="0.124" /><testcase classname="tests.rl100.test_online_trainer" name="test_online_cli_parser_exposes_smoke_controls" time="0.001" /><testcase classname="tests.rl100.test_online_trainer" name="test_online_cli_uses_conservative_actor_defaults" time="0.001" /><testcase classname="tests.rl100.test_online_trainer" name="test_online_cli_keeps_sim_device_as_non_simulation_factory_hint" time="0.001" /><testcase classname="tests.rl100.test_online_trainer" name="test_online_cli_resolves_run_directory_to_final_checkpoint" time="0.001" /><testcase classname="tests.rl100.test_online_trainer" name="test_online_checkpoint_contains_reloadable_policy_and_value_state" time="0.152" /><testcase classname="tests.rl100.test_online_trainer" name="test_nonfinite_value_loss_does_not_step_actor_or_value" time="0.063" /><testcase classname="tests.rl100.test_online_trainer" name="test_sampler_state_restores_explicit_rollout_generator" time="0.015" /><testcase classname="tests.rl100.test_online_trainer" name="test_rgb_frame_is_not_mistaken_for_three_step_history" time="0.000" /><testcase classname="tests.rl100.test_online_trainer" name="test_generic_pixels_observation_is_preserved" time="0.001" /><testcase classname="tests.rl100.test_online_trainer" name="test_action_space_bounds_are_checked_before_environment_step" time="0.001" /><testcase classname="tests.rl100.test_online_trainer" name="test_action_clipping_projects_to_box_bounds" time="0.000" /><testcase classname="tests.rl100.test_online_trainer" name="test_failed_metric_logger_rolls_back_new_metrics_file" time="0.085" /><testcase classname="tests.rl100.test_ppo" name="test_masked_log_probability_excludes_padding_and_constant_dimensions" time="0.001" /><testcase classname="tests.rl100.test_ppo" name="test_denoising_ppo_unit_ratio_and_metrics_are_finite" time="0.002" /><testcase classname="tests.rl100.test_ppo" name="test_denoising_ppo_reports_joint_chunk_ratio_quantiles" time="0.001" /><testcase classname="tests.rl100.test_ppo" name="test_denoising_ppo_sums_all_active_chunk_events_before_exp" time="0.001" /><testcase classname="tests.rl100.test_ppo" name="test_reduced_ppo_diagnostics_match_eventwise_diagnostics" time="0.001" /><testcase classname="tests.rl100.test_ppo" name="test_denoising_ppo_clips_positive_advantage_ratio" time="0.001" /><testcase classname="tests.rl100.test_ppo" name="test_ppo_rejects_shape_mismatch_and_nonfinite_values" time="0.000" /><testcase classname="tests.rl100.test_ppo" name="test_extreme_joint_log_ratios_remain_finite[1.0]" time="0.001" /><testcase classname="tests.rl100.test_ppo" name="test_extreme_joint_log_ratios_remain_finite[-1.0]" time="0.001" /><testcase classname="tests.rl100.test_real_robot_adapter" name="test_real_robot_adapter_batches_and_converts_observation" time="0.001" /><testcase classname="tests.rl100.test_real_robot_adapter" name="test_real_robot_adapter_requires_reset_before_step" time="0.000" /><testcase classname="tests.rl100.test_real_robot_adapter" name="test_validate_vector_env_rejects_wrong_world_count" time="0.000" /><testcase classname="tests.rl100.test_smolvla_offline" name="test_flow_validation[0-0.1]" time="0.000" /><testcase classname="tests.rl100.test_smolvla_offline" name="test_flow_validation[True-0.1]" time="0.000" /><testcase classname="tests.rl100.test_smolvla_offline" name="test_flow_validation[3-0]" time="0.000" /><testcase classname="tests.rl100.test_smolvla_offline" name="test_flow_validation[3--1]" time="0.000" /><testcase classname="tests.rl100.test_smolvla_offline" name="test_flow_validation[3-nan]" time="0.000" /><testcase classname="tests.rl100.test_smolvla_offline" name="test_flow_formula_and_true_gaussian" time="0.001" /><testcase classname="tests.rl100.test_smolvla_offline" name="test_exact_shared_backbone_and_frozen_state" time="0.009" /><testcase classname="tests.rl100.test_smolvla_offline" name="test_encode_preserves_special_tokens_and_task_layout" time="0.009" /><testcase classname="tests.rl100.test_smolvla_offline" name="test_cache_roundtrip_and_masked_attention" time="0.011" /><testcase classname="tests.rl100.test_smolvla_offline" name="test_native_smolvla_cache_prefill_and_repeated_denoising" time="0.005" /><testcase classname="tests.rl100.test_smolvla_offline" name="test_q_uses_action_order_and_v_cannot_see_actions" time="0.011" /><testcase classname="tests.rl100.test_smolvla_offline" name="test_inactive_action_channels_never_enter_q" time="0.010" /><testcase classname="tests.rl100.test_smolvla_offline" name="test_value_query_gradients_and_explicit_source_detach" time="0.011" /><testcase classname="tests.rl100.test_smolvla_offline" name="test_token_iql_matches_expectile_td_and_polyak_math" time="0.023" /><testcase classname="tests.rl100.test_smolvla_offline" name="test_default_transformer_heads_reduce_parameters" time="0.012" /><testcase classname="tests.rl100.test_smolvla_offline" name="test_attention_architecture_validation[config0]" time="0.000" /><testcase classname="tests.rl100.test_smolvla_offline" name="test_attention_architecture_validation[config1]" time="0.000" /><testcase classname="tests.rl100.test_smolvla_offline" name="test_attention_architecture_validation[config2]" time="0.000" /><testcase classname="tests.rl100.test_smolvla_offline" name="test_attention_architecture_validation[config3]" time="0.000" /><testcase classname="tests.rl100.test_smolvla_offline" name="test_prefix_dynamics_preserves_text_and_regenerates_cache" time="0.010" /><testcase classname="tests.rl100.test_smolvla_offline" name="test_dynamics_attention_padding_and_actions" time="0.017" /><testcase classname="tests.rl100.test_smolvla_offline" name="test_dynamics_masks_terminal_targets_and_balances_state" time="0.009" /><testcase classname="tests.rl100.test_smolvla_offline" name="test_old_mlp_rl_checkpoint_is_explicitly_rejected" time="0.001" /><testcase classname="tests.rl100.test_smolvla_offline" name="test_trace_replay_identity_and_gradients" time="0.009" /><testcase classname="tests.rl100.test_smolvla_offline" name="test_training_updates_only_actor_and_heads" time="0.037" /><testcase classname="tests.rl100.test_smolvla_offline" name="test_amq_consumes_regenerated_tokens_and_kv_not_starting_images" time="0.015" /><testcase classname="tests.rl100.test_smolvla_offline" name="test_gate_rejects_and_accepts_without_encoder_change" time="0.009" /><testcase classname="tests.rl100.test_smolvla_offline" name="test_checkpoint_candidate_and_accepted_roundtrip" time="0.071" /><testcase classname="tests.rl100.test_smolvla_offline" name="test_manifest_mapping_handles_source_episode_gaps" time="0.000" /><testcase classname="tests.rl100.test_smolvla_offline" name="test_data_window_padding_rewards_and_holdout" time="0.002" /><testcase classname="tests.rl100.test_smolvla_offline" name="test_cli_stages_are_ordered_and_stop_after_works[iql-stages0]" time="0.038" /><testcase classname="tests.rl100.test_smolvla_offline" name="test_cli_stages_are_ordered_and_stop_after_works[dynamics-stages1]" time="0.061" /><testcase classname="tests.rl100.test_smolvla_offline" name="test_cli_stages_are_ordered_and_stop_after_works[actor-stages2]" time="0.104" /><testcase classname="tests.rl100.test_smolvla_offline" name="test_cli_does_not_start_actor_with_unvalidated_dynamics" time="0.062" /><testcase classname="tests.rl100.test_smolvla_offline" name="test_cli_token_checkpoint_resume_and_architecture_guard" time="0.160" /><testcase classname="tests.rl100.test_smolvla_offline_cuda" name="test_frozen_kv_exact_repeatability" time="0.000"><skipped type="pytest.skip" message="Real checkpoint CUDA tests are opt-in">/home/droid/project/lerobot_droid/.worktrees/upstream-0.6-custom/tests/rl100/test_smolvla_offline_cuda.py:33: Real checkpoint CUDA tests are opt-in</skipped></testcase><testcase classname="tests.rl100.test_smolvla_offline_cuda" name="test_prefix_reencoding_is_exact_and_frozen" time="0.000"><skipped type="pytest.skip" message="Real checkpoint CUDA tests are opt-in">/home/droid/project/lerobot_droid/.worktrees/upstream-0.6-custom/tests/rl100/test_smolvla_offline_cuda.py:47: Real checkpoint CUDA tests are opt-in</skipped></testcase><testcase classname="tests.rl100.test_smolvla_offline_cuda" name="test_real_prefix_dynamics_and_token_iql_updates" time="0.000"><skipped type="pytest.skip" message="Real checkpoint CUDA tests are opt-in">/home/droid/project/lerobot_droid/.worktrees/upstream-0.6-custom/tests/rl100/test_smolvla_offline_cuda.py:58: Real checkpoint CUDA tests are opt-in</skipped></testcase><testcase classname="tests.rl100.test_smolvla_offline_cuda" name="test_deterministic_adapter_matches_native_il_sampler" time="0.000"><skipped type="pytest.skip" message="Real checkpoint CUDA tests are opt-in">/home/droid/project/lerobot_droid/.worktrees/upstream-0.6-custom/tests/rl100/test_smolvla_offline_cuda.py:82: Real checkpoint CUDA tests are opt-in</skipped></testcase><testcase classname="tests.rl100.test_smolvla_offline_cuda" name="test_stochastic_real_trace_replay" time="0.000"><skipped type="pytest.skip" message="Real checkpoint CUDA tests are opt-in">/home/droid/project/lerobot_droid/.worktrees/upstream-0.6-custom/tests/rl100/test_smolvla_offline_cuda.py:97: Real checkpoint CUDA tests are opt-in</skipped></testcase><testcase classname="tests.rl100.test_tracking" name="test_tracker_uses_swanlab_094_names_and_explicit_one_based_step" time="0.001" /><testcase classname="tests.rl100.test_tracking" name="test_disabled_tracker_does_not_import_swanlab" time="0.000" /><testcase classname="tests.rl100.test_tracking" name="test_missing_swanlab_fails_before_creating_output" time="0.001" /><testcase classname="tests.rl100.test_tracking" name="test_non_strict_initialization_failure_warns_and_disables" time="0.001" /><testcase classname="tests.rl100.test_tracking" name="test_strict_initialization_failure_propagates" time="0.000" /><testcase classname="tests.rl100.test_tracking" name="test_non_strict_log_failure_warns_once_then_disables" time="0.001" /><testcase classname="tests.rl100.test_tracking" name="test_strict_log_failure_propagates" time="0.001" /><testcase classname="tests.rl100.test_tracking" name="test_tracker_rejects_non_positive_integer_steps[0]" time="0.001" /><testcase classname="tests.rl100.test_tracking" name="test_tracker_rejects_non_positive_integer_steps[-1]" time="0.001" /><testcase classname="tests.rl100.test_tracking" name="test_tracker_rejects_non_positive_integer_steps[True]" time="0.001" /><testcase classname="tests.rl100.test_tracking" name="test_tracker_rejects_non_positive_integer_steps[1.5]" time="0.001" /><testcase classname="tests.rl100.test_tracking" name="test_tracker_rejects_non_finite_or_non_numeric_metrics[nan]" time="0.001" /><testcase classname="tests.rl100.test_tracking" name="test_tracker_rejects_non_finite_or_non_numeric_metrics[inf]" time="0.001" /><testcase classname="tests.rl100.test_tracking" name="test_tracker_rejects_non_finite_or_non_numeric_metrics[not-a-scalar]" time="0.001" /><testcase classname="tests.rl100.test_tracking" name="test_tracker_rejects_non_finite_or_non_numeric_metrics[True]" time="0.001" /><testcase classname="tests.rl100.test_tracking" name="test_finish_is_idempotent" time="0.000" /><testcase classname="tests.rl100.test_tracking" name="test_finish_failure_is_warning_only_and_does_not_mask_training_exception" time="0.001" /><testcase classname="tests.rl100.test_tracking" name="test_offline_cli_parser_exposes_swanlab_controls" time="0.001" /><testcase classname="tests.rl100.test_tracking" name="test_parse_newton_eval_info_extracts_finite_overall_scalars" time="0.001" /><testcase classname="tests.rl100.test_tracking" name="test_run_newton_eval_invokes_headless_lerobot_eval" time="0.001" /><testcase classname="tests.rl100.test_tracking" name="test_run_newton_eval_failure_includes_subprocess_output_tail" time="0.001" /><testcase classname="tests.rl100.test_types_and_config" name="test_observation_batch_preserves_state_and_optional_images" time="0.001" /><testcase classname="tests.rl100.test_types_and_config" name="test_observation_batch_defensively_copies_feature_mapping" time="0.000" /><testcase classname="tests.rl100.test_types_and_config" name="test_observation_batch_feature_mapping_is_read_only" time="0.000" /><testcase classname="tests.rl100.test_types_and_config" name="test_observation_batch_pickle_round_trip_preserves_features" time="0.001" /><testcase classname="tests.rl100.test_types_and_config" name="test_observation_batch_rejects_invalid_shapes[features0-features.*\\{\\}]" time="0.000" /><testcase classname="tests.rl100.test_types_and_config" name="test_observation_batch_rejects_invalid_shapes[features1-observation\\.state.*nan]" time="0.000" /><testcase classname="tests.rl100.test_types_and_config" name="test_observation_batch_rejects_invalid_shapes[features2-batch size]" time="0.000" /><testcase classname="tests.rl100.test_types_and_config" name="test_decision_batch_validates_shapes_and_dtypes" time="0.001" /><testcase classname="tests.rl100.test_types_and_config" name="test_decision_batch_validate_supports_custom_state_key" time="0.000" /><testcase classname="tests.rl100.test_types_and_config" name="test_decision_batch_validate_reports_missing_custom_state_key" time="0.000" /><testcase classname="tests.rl100.test_types_and_config" name="test_decision_batch_validate_rejects_integer_state" time="0.000" /><testcase classname="tests.rl100.test_types_and_config" name="test_denoising_trace_rejects_inconsistent_shapes" time="0.000" /><testcase classname="tests.rl100.test_types_and_config" name="test_trace_config_rejects_non_positive_sigma_min" time="0.000" /><testcase classname="tests.rl100.test_types_and_config" name="test_trace_config_uses_separate_probability_sigma_floor" time="0.000" /><testcase classname="tests.rl100.test_types_and_config" name="test_rl_config_json_round_trip_is_deterministic" time="0.001" /><testcase classname="tests.rl100.test_types_and_config" name="test_rl_config_json_rejects_unknown_fields" time="0.000" /><testcase classname="tests.rl100.test_types_and_config" name="test_rl_config_rejects_none_trace_with_actual_value" time="0.000" /><testcase classname="tests.rl100.test_types_and_config" name="test_rl_config_json_rejects_non_object_trace_with_actual_value" time="0.000" /><testcase classname="tests.rl100.test_types_and_config" name="test_config_json_errors_include_the_actual_payload[from_json-[]-RLConfig.*actual=\\[\\]]" time="0.000" /><testcase classname="tests.rl100.test_types_and_config" name="test_config_json_errors_include_the_actual_payload[from_json-null-TraceConfig.*actual=None]" time="0.000" /><testcase classname="tests.rl100.test_types_and_config" name="test_config_json_errors_include_the_actual_payload[from_json-not-json-RLConfig.*actual='not-json']" time="0.000" /><testcase classname="tests.policies.test_dp3" name="test_dp3_factory_registration_and_processors" time="0.000" /><testcase classname="tests.policies.test_dp3" name="test_experimental_encoders_fail_closed[ptv3]" time="0.001" /><testcase classname="tests.policies.test_dp3" name="test_experimental_encoders_fail_closed[sonata]" time="0.000" /><testcase classname="tests.policies.test_dp3" name="test_dp3_mixed_wrist_resolutions" time="0.178" /><testcase classname="tests.policies.test_dp3" name="test_make_policy_infers_point_cloud_from_v3_metadata" time="0.089" /><testcase classname="tests.policies.test_dp3" name="test_point_cloud_dataset_contract_and_inference_frame" time="0.000" /><testcase classname="tests.policies.test_dp3" name="test_lerobot_v3_roundtrip_preserves_point_cloud" time="0.013" /><testcase classname="tests.policies.test_dp3" name="test_dp3_rejects_invalid_point_cloud_contract" time="0.000" /><testcase classname="tests.policies.test_dp3" name="test_pointnet_is_permutation_invariant_without_subsampling" time="0.001" /><testcase classname="tests.policies.test_dp3" name="test_dp3_defaults_match_rl100_pointnet_contract" time="0.000" /><testcase classname="tests.policies.test_dp3" name="test_dp3_rejects_stochastic_visual_or_point_augmentation" time="0.000" /><testcase classname="tests.policies.test_dp3" name="test_dp3_xyz_pointnet_parameter_count_is_independent_of_point_count" time="0.001" /><testcase classname="tests.policies.test_dp3" name="test_depth_to_point_cloud_uses_intrinsics_extrinsics_and_rgb" time="0.001" /><testcase classname="tests.policies.test_dp3" name="test_depth_to_point_cloud_fixed_sampling_is_reproducible" time="0.000" /><testcase classname="tests.policies.test_dp3" name="test_depth_to_point_cloud_zero_pads_like_rl100" time="0.000" /><testcase classname="tests.policies.test_dp3" name="test_depth_to_point_cloud_all_invalid_returns_rl100_zero_cloud" time="0.000" /><testcase classname="tests.policies.test_dp3" name="test_dp3_requires_dual_wrist_rgb_and_fixed_state_action_dimensions" time="0.000" /><testcase classname="tests.policies.test_dp3" name="test_dp3_requires_randomly_initialized_independent_resnet18_encoders" time="0.089" /><testcase classname="tests.policies.test_dp3" name="test_dp3_forward_and_select_action_use_point_cloud_dual_wrist_rgb_and_state" time="0.152" /><testcase classname="tests.policies.test_dp3" name="test_dp3_checkpoint_roundtrip" time="0.331" /><testcase classname="tests.policies.test_dp3" name="test_dp3_unet_backbone_is_default" time="0.089" /><testcase classname="tests.policies.test_dp3" name="test_dp3_transformer_backbone_forward_and_select_action" time="0.005" /><testcase classname="tests.policies.test_dp3" name="test_dp3_transformer_backbone_prefix_attention_mask" time="0.000" /><testcase classname="tests.policies.test_dp3" name="test_dp3_transformer_backbone_checkpoint_roundtrip" time="0.010" /><testcase classname="tests.policies.test_dp3" name="test_dp3_transformer_backbone_rejects_invalid_config" time="0.000" /><testcase classname="tests.policies.test_diffusion_state_only" name="test_diffusion_policy_trains_with_state_only" time="0.009" /><testcase classname="tests.policies.test_diffusion_state_only" name="test_diffusion_mixed_camera_resolutions[resize_shape0]" time="0.171" /><testcase classname="tests.policies.test_diffusion_state_only" name="test_diffusion_mixed_camera_resolutions[None]" time="0.000" /><testcase classname="tests.policies.test_diffusion_state_only" name="test_diffusion_requires_robot_state" time="0.000" /><testcase classname="tests.envs.test_moya_newton" name="test_reset_wraps_agent_pos_and_folds_seed_list" time="0.001" /><testcase classname="tests.envs.test_moya_newton" name="test_reset_rejects_wrong_seed_count" time="0.001" /><testcase classname="tests.envs.test_moya_newton" name="test_action_shape_and_values_are_checked_without_rescaling" time="0.001" /><testcase classname="tests.envs.test_moya_newton" name="test_final_info_is_dict_of_arrays_and_15mm_is_success" time="0.001" /><testcase classname="tests.envs.test_moya_newton" name="test_success_requires_every_dataset_condition[backend_kwargs0-False]" time="0.001" /><testcase classname="tests.envs.test_moya_newton" name="test_success_requires_every_dataset_condition[backend_kwargs1-False]" time="0.001" /><testcase classname="tests.envs.test_moya_newton" name="test_success_requires_every_dataset_condition[backend_kwargs2-False]" time="0.001" /><testcase classname="tests.envs.test_moya_newton" name="test_success_requires_every_dataset_condition[backend_kwargs3-False]" time="0.001" /><testcase classname="tests.envs.test_moya_newton" name="test_success_requires_every_dataset_condition[backend_kwargs4-False]" time="0.001" /><testcase classname="tests.envs.test_moya_newton" name="test_success_requires_every_dataset_condition[backend_kwargs5-True]" time="0.001" /><testcase classname="tests.envs.test_moya_newton" name="test_grasp_and_clear_history_persist_until_terminal_step" time="0.001" /><testcase classname="tests.envs.test_moya_newton" name="test_call_get_attr_state_contract_and_close_are_vector_compatible" time="0.001" /><testcase classname="tests.envs.test_moya_newton" name="test_reset_rejects_invalid_observation[observation0]" time="0.001" /><testcase classname="tests.envs.test_moya_newton" name="test_reset_rejects_invalid_observation[observation1]" time="0.001" /><testcase classname="tests.envs.test_moya_newton" name="test_reset_rejects_invalid_observation[observation2]" time="0.001" /><testcase classname="tests.envs.test_moya_newton" name="test_factory_applies_and_restores_dataset_preset" time="0.001" /><testcase classname="tests.envs.test_moya_newton" name="test_factory_rejects_unknown_preset" time="0.000" /><testcase classname="tests.envs.test_moya_newton" name="test_factory_closes_backend_on_contract_mismatch" time="0.001" /><testcase classname="tests.envs.test_moya_newton" name="test_factory_rejects_wrong_charger_mass" time="0.001" /><testcase classname="tests.envs.test_moya_newton" name="test_missing_submodule_error_is_actionable" time="0.001" /><testcase classname="tests.envs.test_moya_newton" name="test_backend_loader_rejects_preloaded_same_origin_moya_module" time="0.002" /><testcase classname="tests.envs.test_moya_newton" name="test_missing_dependency_error_is_actionable" time="0.001" /><testcase classname="tests.envs.test_moya_newton" name="test_environment_config_is_registered_without_importing_newton" time="0.000" /><testcase classname="tests.envs.test_moya_newton" name="test_config_create_envs_uses_native_fused_factory" time="0.000" /><testcase classname="tests.test_franka_duo_real_recorder" name="test_real_contract_excludes_base_and_world_pose" time="0.000" /><testcase classname="tests.test_franka_duo_real_recorder" name="test_real_feature_names_match_benchmark_joint_contract" time="0.000" /><testcase classname="tests.test_franka_duo_real_recorder" name="test_gripper_calibration_supports_real_franka_finger_positions" time="0.000" /><testcase classname="tests.test_franka_duo_real_recorder" name="test_image_decoding_handles_stride_and_bgr" time="0.000" /><testcase classname="tests.test_franka_duo_real_recorder" name="test_image_decoding_supports_d405_yuv422[yuv422_yuy2-\x10\x80\xeb\x80]" time="0.001" /><testcase classname="tests.test_franka_duo_real_recorder" name="test_image_decoding_supports_d405_yuv422[yuv422-\x80\x10\x80\xeb]" time="0.000" /><testcase classname="tests.test_franka_duo_real_recorder" name="test_depth_decoding_16uc1_to_meters" time="0.000" /><testcase classname="tests.test_franka_duo_real_recorder" name="test_depth_decoding_respects_big_endian_ros_image" time="0.000" /><testcase classname="tests.test_franka_duo_real_recorder" name="test_zero_ros_stamp_is_rejected_as_uninitialized" time="0.000" /><testcase classname="tests.test_franka_duo_real_recorder" name="test_depth_matching_uses_header_stamp_not_arrival_order" time="0.000" /><testcase classname="tests.test_franka_duo_real_recorder" name="test_depth_sidecar_preserves_frame_and_stamp_alignment" time="0.001" /><testcase classname="tests.test_franka_duo_real_recorder" name="test_features_are_video_rgb_only_for_three_cameras" time="0.000" /><testcase classname="tests.test_franka_duo_real_recorder" name="test_synchronization_uses_nearest_new_rgb_and_requires_camera_info" time="0.000" /><testcase classname="tests.test_franka_duo_real_recorder" name="test_numeric_dataset_version_ordering" time="0.001" /><testcase classname="tests.test_franka_duo_real_recorder" name="test_default_config_uses_requested_d405_profile_and_requires_calibration" time="0.002" /><testcase classname="tests.test_franka_duo_real_recorder" name="test_keyboard_restores_terminal_settings" time="0.000" /><testcase classname="tests.test_franka_duo_real_recorder" name="test_dataset_kwargs_use_upstream_rgb_encoder" time="0.000" /><testcase classname="tests.test_franka_duo_real_recorder" name="test_resume_contract_and_encoder_drop_guard" time="0.000" /><testcase classname="tests.test_franka_duo_real_recorder" name="test_pointcloud_builder_reads_depth_sidecar_and_zero_pads_sparse_points" time="0.001" /><testcase classname="tests.test_franka_duo_real_recorder" name="test_lerobot_v3_video_to_pointcloud_dataset_smoke" time="0.271" /><testcase classname="tests.test_franka_duo_manual_recorder" name="test_manual_features_use_canonical_transition_fields" time="0.000" /><testcase classname="tests.test_franka_duo_manual_recorder" name="test_parse_reward_rejects_non_finite_values" time="0.000" /><testcase classname="tests.test_franka_duo_manual_recorder" name="test_prompt_reward_retries_after_invalid_input" time="0.000" /><testcase classname="tests.test_franka_duo_manual_recorder" name="test_annotate_episode_reward_is_terminal_only" time="0.000" /><testcase classname="tests.test_franka_duo_manual_recorder" name="test_annotate_episode_reward_can_mark_truncated" time="0.000" /><testcase classname="tests.test_franka_duo_manual_recorder" name="test_annotate_episode_reward_requires_pending_transition_fields" time="0.000" /><testcase classname="tests.test_franka_duo_validator" name="test_probe_video_file_reports_missing_reference" time="0.001" /><testcase classname="tests.test_franka_duo_validator" name="test_probe_video_file_reports_unreadable_reference" time="0.001" /><testcase classname="tests.test_franka_duo_validator" name="test_validate_dataset_reports_malformed_manifest" time="0.001" /><testcase classname="tests.test_franka_duo_validator" name="test_validate_dataset_reports_missing_manifest_fields" time="0.001" /><testcase classname="tests.test_franka_duo_eval" name="test_rot6d_contract_matches_rl100_rows" time="0.001" /><testcase classname="tests.test_franka_duo_eval" name="test_action_spec_rejects_bad_rotation_and_workspace" time="0.000" /><testcase classname="tests.test_franka_duo_eval" name="test_pointcloud_supports_xyz_and_xyzrgb_and_fps" time="0.001" /><testcase classname="tests.test_franka_duo_eval" name="test_ros_reader_anchors_head_stamp_and_matches_depth_and_wrists" time="0.003" /><testcase classname="tests.test_franka_duo_eval" name="test_native_bundle_requires_manifest_factory_and_preserves_contract" time="0.001" /><testcase classname="tests.test_franka_duo_eval" name="test_checkpoint_can_use_external_manifest" time="0.001" /><testcase classname="tests.test_franka_duo_eval" name="test_native_input_uses_manifest_image_keys_for_custom_names" time="0.000" /><testcase classname="tests.test_franka_duo_eval" name="test_native_bundle_rejects_missing_required_observation" time="0.001" /><testcase classname="tests.test_franka_duo_eval" name="test_existing_checkpoint_without_bundle_manifest_is_rejected" time="0.001" /><testcase classname="tests.test_franka_duo_eval" name="test_export_bundle_copies_native_weights_and_writes_manifest" time="0.001" /><testcase classname="tests.test_franka_duo_eval" name="test_policy_observation_can_pack_both_wrist_images" time="0.000" /><testcase classname="tests.scripts.test_smolvla_server.ObservationTests" name="test_bad_images" time="0.003" /><testcase classname="tests.scripts.test_smolvla_server.ObservationTests" name="test_rgb_layout_and_no_client_resize" time="0.001" /><testcase classname="tests.scripts.test_smolvla_server.ObservationTests" name="test_strict_state_and_schema" time="0.002" /><testcase classname="tests.scripts.test_smolvla_server.InferenceTests" name="test_busy_and_lock_recovery" time="0.001" /><testcase classname="tests.scripts.test_smolvla_server.InferenceTests" name="test_full_unnormalized_chunk_and_fresh_request" time="0.002" /><testcase classname="tests.scripts.test_smolvla_server.InferenceTests" name="test_invalid_output_is_rejected" time="0.001" /><testcase classname="tests.scripts.test_smolvla_server.InferenceTests" name="test_missing_stats_fail_closed" time="0.001" /><testcase classname="tests.scripts.test_smolvla_server.InferenceTests" name="test_saved_config_loading_and_device_overrides" time="0.008" /><testcase classname="tests.scripts.test_smolvla_server.WebSocketTests" name="test_bad_messages_and_recovery" time="0.014" /><testcase classname="tests.scripts.test_smolvla_server.WebSocketTests" name="test_busy_rejects_pipelined_and_other_clients" time="0.016" /><testcase classname="tests.scripts.test_smolvla_server.WebSocketTests" name="test_connection_limit" time="0.039" /><testcase classname="tests.scripts.test_smolvla_server.WebSocketTests" name="test_message_limit" time="0.004" /><testcase classname="tests.scripts.test_smolvla_server.WebSocketTests" name="test_metadata_and_persistent_client" time="0.013" /><testcase classname="tests.scripts.test_smolvla_server.WebSocketTests" name="test_timeout_closes_client_without_reusing_stale_action" time="0.123" /><testcase classname="tests.scripts.test_lerobot_eval_rendering" name="test_renderable_environment_preserves_requested_episode_count" time="0.002" /><testcase classname="tests.scripts.test_lerobot_eval_rendering" name="test_headless_moya_environment_disables_rendered_episodes" time="0.002" /><testcase classname="tests.scripts.test_lerobot_eval_rendering" name="test_eval_environment_reuse_is_opt_in" time="0.000" /><testcase classname="tests.scripts.test_lerobot_eval_rendering" name="test_eval_environment_reuse_is_not_a_configurable_dataclass_field" time="0.000" /><testcase classname="tests.scripts.test_lerobot_eval_rendering" name="test_negative_rendered_episode_count_is_rejected" time="0.001" /><testcase classname="tests.scripts.test_lerobot_eval_rendering" name="test_run_one_does_not_create_video_directory_when_rendering_is_disabled" time="0.001" /><testcase classname="tests.scripts.test_lerobot_eval_rendering" name="test_save_eval_info_creates_output_directory" time="0.001" /><testcase classname="tests.scripts.test_lerobot_eval_rendering" name="test_eval_policy_all_closes_environments_by_default[1]" time="0.001" /><testcase classname="tests.scripts.test_lerobot_eval_rendering" name="test_eval_policy_all_closes_environments_by_default[2]" time="0.001" /><testcase classname="tests.scripts.test_lerobot_eval_rendering" name="test_eval_policy_all_can_reuse_environments[1]" time="0.001" /><testcase classname="tests.scripts.test_lerobot_eval_rendering" name="test_eval_policy_all_can_reuse_environments[2]" time="0.001" /><testcase classname="tests.scripts.test_lerobot_eval_rendering" name="test_eval_policy_all_does_not_prefetch_next_environment_after_failure" time="0.000" /><testcase classname="tests.scripts.test_custom_train_integration" name="test_train_eval_environment_lifecycle[False-False]" time="0.449" /><testcase classname="tests.scripts.test_custom_train_integration" name="test_train_eval_environment_lifecycle[False-True]" time="0.385" /><testcase classname="tests.scripts.test_custom_train_integration" name="test_train_eval_environment_lifecycle[True-False]" time="0.350" /><testcase classname="tests.scripts.test_custom_train_integration" name="test_train_eval_environment_lifecycle[True-True]" time="0.341" /><testcase classname="tests.scripts.test_custom_train_integration" name="test_finetuning_preserves_or_replaces_saved_stats[False]" time="0.424" /><testcase classname="tests.scripts.test_custom_train_integration" name="test_finetuning_preserves_or_replaces_saved_stats[True]" time="0.432" /><testcase classname="tests.scripts.test_custom_train_integration" name="test_resume_helper_does_not_override_saved_stats[False]" time="0.228" /><testcase classname="tests.scripts.test_custom_train_integration" name="test_resume_helper_does_not_override_saved_stats[True]" time="0.217" /><testcase classname="tests.datasets.test_camera_cache" name="test_cache_matches_native_shared_video[False-False-None-False]" time="0.011" /><testcase classname="tests.datasets.test_camera_cache" name="test_cache_matches_native_shared_video[False-False-None-True]" time="0.011" /><testcase classname="tests.datasets.test_camera_cache" name="test_cache_matches_native_shared_video[False-False-episodes1-False]" time="0.007" /><testcase classname="tests.datasets.test_camera_cache" name="test_cache_matches_native_shared_video[False-False-episodes1-True]" time="0.008" /><testcase classname="tests.datasets.test_camera_cache" name="test_cache_matches_native_shared_video[False-True-None-False]" time="0.011" /><testcase classname="tests.datasets.test_camera_cache" name="test_cache_matches_native_shared_video[False-True-None-True]" time="0.012" /><testcase classname="tests.datasets.test_camera_cache" name="test_cache_matches_native_shared_video[False-True-episodes1-False]" time="0.008" /><testcase classname="tests.datasets.test_camera_cache" name="test_cache_matches_native_shared_video[False-True-episodes1-True]" time="0.009" /><testcase classname="tests.datasets.test_camera_cache" name="test_cache_matches_native_shared_video[True-False-None-False]" time="0.012" /><testcase classname="tests.datasets.test_camera_cache" name="test_cache_matches_native_shared_video[True-False-None-True]" time="0.010" /><testcase classname="tests.datasets.test_camera_cache" name="test_cache_matches_native_shared_video[True-False-episodes1-False]" time="0.007" /><testcase classname="tests.datasets.test_camera_cache" name="test_cache_matches_native_shared_video[True-False-episodes1-True]" time="0.008" /><testcase classname="tests.datasets.test_camera_cache" name="test_cache_matches_native_shared_video[True-True-None-False]" time="0.010" /><testcase classname="tests.datasets.test_camera_cache" name="test_cache_matches_native_shared_video[True-True-None-True]" time="0.011" /><testcase classname="tests.datasets.test_camera_cache" name="test_cache_matches_native_shared_video[True-True-episodes1-False]" time="0.008" /><testcase classname="tests.datasets.test_camera_cache" name="test_cache_matches_native_shared_video[True-True-episodes1-True]" time="0.008" /><testcase classname="tests.datasets.test_camera_cache" name="test_transforms_cannot_mutate_raw_cache[False]" time="0.006" /><testcase classname="tests.datasets.test_camera_cache" name="test_transforms_cannot_mutate_raw_cache[True]" time="0.007" /><testcase classname="tests.datasets.test_camera_cache" name="test_disk_reuse_corruption_and_spawn" time="2.565" /><testcase classname="tests.datasets.test_camera_cache" name="test_disk_fingerprint_and_manifest_validation[offset]" time="0.010" /><testcase classname="tests.datasets.test_camera_cache" name="test_disk_fingerprint_and_manifest_validation[timestamp]" time="0.012" /><testcase classname="tests.datasets.test_camera_cache" name="test_disk_fingerprint_and_manifest_validation[video_stat]" time="0.010" /><testcase classname="tests.datasets.test_camera_cache" name="test_disk_fingerprint_and_manifest_validation[episodes]" time="0.009" /><testcase classname="tests.datasets.test_camera_cache" name="test_disk_fingerprint_and_manifest_validation[manifest_indices]" time="0.010" /><testcase classname="tests.datasets.test_camera_cache" name="test_disk_fingerprint_and_manifest_validation[manifest_keys]" time="0.010" /><testcase classname="tests.datasets.test_camera_cache" name="test_failed_build_is_not_published" time="0.004" /><testcase classname="tests.datasets.test_camera_cache" name="test_depth_bypasses_rgb_cache" time="0.004" /><testcase classname="tests.datasets.test_camera_cache" name="test_cache_config_rejects_streaming" time="0.000" /><testcase classname="tests.datasets.test_camera_cache" name="test_factory_preloads_actual_split_datasets[ram]" time="0.000" /><testcase classname="tests.datasets.test_camera_cache" name="test_factory_preloads_actual_split_datasets[disk]" time="0.000" /><testcase classname="tests.datasets.test_camera_cache" name="test_factory_rejects_other_readers" time="0.000" /><testcase classname="tests.datasets.test_camera_cache" name="test_facade_preload_and_injected_cache" time="0.007" /><testcase classname="tests.datasets.test_camera_cache" name="test_disk_cache_through_spawn_dataloader" time="2.557" /><testcase classname="tests.datasets.test_camera_cache" name="test_disk_cache_external_root" time="0.010" /><testcase classname="tests.datasets.test_dataset_reader" name="test_try_load_returns_true_when_data_exists" time="0.098" /><testcase classname="tests.datasets.test_dataset_reader" name="test_try_load_returns_false_when_no_data" time="0.001" /><testcase classname="tests.datasets.test_dataset_reader" name="test_load_rejects_language_columns_missing_from_metadata" time="0.082" /><testcase classname="tests.datasets.test_dataset_reader" name="test_num_frames_without_filter" time="0.092" /><testcase classname="tests.datasets.test_dataset_reader" name="test_num_episodes_without_filter" time="0.091" /><testcase classname="tests.datasets.test_dataset_reader" name="test_num_frames_with_episode_filter" time="0.091" /><testcase classname="tests.datasets.test_dataset_reader" name="test_get_item_returns_expected_keys" time="0.084" /><testcase classname="tests.datasets.test_dataset_reader" name="test_get_item_values_are_correct" time="0.087" /><testcase classname="tests.datasets.test_dataset_reader" name="test_image_transforms_are_applied" time="0.082" /><testcase classname="tests.datasets.test_dataset_reader" name="test_get_episodes_file_paths_returns_data_paths" time="0.084" /><testcase classname="tests.datasets.test_dataset_reader" name="test_get_episodes_file_paths_includes_video_paths" time="0.129" /><testcase classname="tests.datasets.test_dataset_reader" name="test_register_dataset_reader" time="0.086" /><testcase classname="tests.datasets.test_dataset_reader" name="test_query_hf_dataset_matches_row_query" time="0.114" /><testcase classname="tests.datasets.test_dataset_reader" name="test_delta_query_transform_receives_only_requested_column" time="0.189" /><testcase classname="tests.datasets.test_dataset_reader" name="test_column_views_are_rebuilt_after_set_transform" time="0.084" /><testcase classname="tests.datasets.test_dataset_tools" name="test_delete_single_episode" time="0.749" /><testcase classname="tests.datasets.test_dataset_tools" name="test_delete_multiple_episodes" time="0.631" /><testcase classname="tests.datasets.test_dataset_tools" name="test_delete_invalid_episodes" time="0.468" /><testcase classname="tests.datasets.test_dataset_tools" name="test_delete_all_episodes" time="0.470" /><testcase classname="tests.datasets.test_dataset_tools" name="test_delete_empty_list" time="0.469" /><testcase classname="tests.datasets.test_dataset_tools" name="test_split_by_episodes" time="0.715" /><testcase classname="tests.datasets.test_dataset_tools" name="test_split_by_fractions" time="0.690" /><testcase classname="tests.datasets.test_dataset_tools" name="test_split_overlapping_episodes" time="0.470" /><testcase classname="tests.datasets.test_dataset_tools" name="test_split_invalid_fractions" time="0.467" /><testcase classname="tests.datasets.test_dataset_tools" name="test_split_empty" time="0.470" /><testcase classname="tests.datasets.test_dataset_tools" name="test_merge_two_datasets" time="1.094" /><testcase classname="tests.datasets.test_dataset_tools" name="test_merge_empty_list" time="0.001" /><testcase classname="tests.datasets.test_dataset_tools" name="test_add_features_with_values[scalar_1d]" time="0.550" /><testcase classname="tests.datasets.test_dataset_tools" name="test_add_features_with_values[scalar_2d]" time="0.558" /><testcase classname="tests.datasets.test_dataset_tools" name="test_add_features_with_values[vector]" time="0.558" /><testcase classname="tests.datasets.test_dataset_tools" name="test_add_features_with_values[matrix]" time="0.568" /><testcase classname="tests.datasets.test_dataset_tools" name="test_add_features_with_callable" time="0.562" /><testcase classname="tests.datasets.test_dataset_tools" name="test_add_existing_feature" time="0.470" /><testcase classname="tests.datasets.test_dataset_tools" name="test_add_feature_invalid_info" time="0.469" /><testcase classname="tests.datasets.test_dataset_tools" name="test_modify_features_add_and_remove" time="0.637" /><testcase classname="tests.datasets.test_dataset_tools" name="test_modify_features_only_add" time="0.572" /><testcase classname="tests.datasets.test_dataset_tools" name="test_modify_features_only_remove" time="0.635" /><testcase classname="tests.datasets.test_dataset_tools" name="test_modify_features_no_changes" time="0.466" /><testcase classname="tests.datasets.test_dataset_tools" name="test_remove_single_feature" time="0.640" /><testcase classname="tests.datasets.test_dataset_tools" name="test_remove_multiple_features" time="0.649" /><testcase classname="tests.datasets.test_dataset_tools" name="test_remove_nonexistent_feature" time="0.469" /><testcase classname="tests.datasets.test_dataset_tools" name="test_remove_required_feature" time="0.466" /><testcase classname="tests.datasets.test_dataset_tools" name="test_remove_camera_feature" time="0.519" /><testcase classname="tests.datasets.test_dataset_tools" name="test_complex_workflow_integration" time="1.015" /><testcase classname="tests.datasets.test_dataset_tools" name="test_delete_episodes_preserves_stats" time="0.604" /><testcase classname="tests.datasets.test_dataset_tools" name="test_delete_episodes_preserves_tasks" time="0.631" /><testcase classname="tests.datasets.test_dataset_tools" name="test_split_three_ways" time="0.730" /><testcase classname="tests.datasets.test_dataset_tools" name="test_fractions_to_episode_indices_lossless[5-fractions0]" time="0.000" /><testcase classname="tests.datasets.test_dataset_tools" name="test_fractions_to_episode_indices_lossless[5-fractions1]" time="0.000" /><testcase classname="tests.datasets.test_dataset_tools" name="test_fractions_to_episode_indices_lossless[7-fractions2]" time="0.000" /><testcase classname="tests.datasets.test_dataset_tools" name="test_fractions_to_episode_indices_lossless[3-fractions3]" time="0.000" /><testcase classname="tests.datasets.test_dataset_tools" name="test_fractions_to_episode_indices_invalid[2-fractions0-Cannot split]" time="0.000" /><testcase classname="tests.datasets.test_dataset_tools" name="test_fractions_to_episode_indices_invalid[5-fractions1-positive fraction]" time="0.000" /><testcase classname="tests.datasets.test_dataset_tools" name="test_fractions_to_episode_indices_invalid[5-fractions2-non-negative]" time="0.000" /><testcase classname="tests.datasets.test_dataset_tools" name="test_split_preserves_stats" time="0.658" /><testcase classname="tests.datasets.test_dataset_tools" name="test_merge_three_datasets" time="1.219" /><testcase classname="tests.datasets.test_dataset_tools" name="test_merge_preserves_stats" time="0.992" /><testcase classname="tests.datasets.test_dataset_tools" name="test_add_features_preserves_existing_stats" time="0.556" /><testcase classname="tests.datasets.test_dataset_tools" name="test_remove_feature_updates_stats" time="0.636" /><testcase classname="tests.datasets.test_dataset_tools" name="test_delete_consecutive_episodes" time="0.589" /><testcase classname="tests.datasets.test_dataset_tools" name="test_delete_first_and_last_episodes" time="0.605" /><testcase classname="tests.datasets.test_dataset_tools" name="test_split_all_episodes_assigned" time="0.724" /><testcase classname="tests.datasets.test_dataset_tools" name="test_modify_features_preserves_file_structure" time="0.741" /><testcase classname="tests.datasets.test_dataset_tools" name="test_modify_tasks_single_task_for_all" time="0.600" /><testcase classname="tests.datasets.test_dataset_tools" name="test_modify_tasks_episode_specific" time="0.552" /><testcase classname="tests.datasets.test_dataset_tools" name="test_modify_tasks_default_with_overrides" time="0.554" /><testcase classname="tests.datasets.test_dataset_tools" name="test_modify_tasks_replacements" time="0.550" /><testcase classname="tests.datasets.test_dataset_tools" name="test_modify_tasks_replacements_with_episode_overrides" time="0.553" /><testcase classname="tests.datasets.test_dataset_tools" name="test_modify_tasks_default_task_and_replacements" time="0.552" /><testcase classname="tests.datasets.test_dataset_tools" name="test_modify_tasks_no_task_specified" time="0.466" /><testcase classname="tests.datasets.test_dataset_tools" name="test_modify_tasks_invalid_episode_indices" time="0.468" /><testcase classname="tests.datasets.test_dataset_tools" name="test_modify_task
[...]
sts.processor.test_render_messages_processor" name="test_render_messages_step_rejects_mismatched_non_empty_language_batches" time="0.000" /><testcase classname="tests.processor.test_render_messages_processor" name="test_select_batch_indices_slices_numpy_action" time="0.000" /><testcase classname="tests.processor.test_render_messages_processor" name="test_select_batch_indices_slices_robot_action_dict" time="0.000" /><testcase classname="tests.processor.test_render_messages_processor" name="test_select_batch_indices_rejects_misaligned_list" time="0.000" /><testcase classname="tests.processor.test_render_messages_processor" name="test_fallback_low_level_render_rejects_partially_missing_task_batch" time="0.000" /><testcase classname="tests.processor.test_smolvla_processor" name="test_make_smolvla_processor_basic" time="0.001" /><testcase classname="tests.processor.test_smolvla_processor" name="test_smolvla_newline_processor_single_task" time="0.000" /><testcase classname="tests.processor.test_smolvla_processor" name="test_smolvla_newline_processor_list_of_tasks" time="0.000" /><testcase classname="tests.processor.test_smolvla_processor" name="test_smolvla_newline_processor_empty_transition" time="0.000" /><testcase classname="tests.processor.test_smolvla_processor" name="test_smolvla_processor_cuda" time="0.001" /><testcase classname="tests.processor.test_smolvla_processor" name="test_smolvla_processor_accelerate_scenario" time="0.001" /><testcase classname="tests.processor.test_smolvla_processor" name="test_smolvla_processor_multi_gpu" time="0.000"><skipped type="pytest.skip" message="Requires at least 2 GPUs">/home/droid/project/lerobot_droid/.worktrees/upstream-0.6-custom/tests/processor/test_smolvla_processor.py:284: Requires at least 2 GPUs</skipped></testcase><testcase classname="tests.processor.test_smolvla_processor" name="test_smolvla_processor_without_stats" time="0.000" /><testcase classname="tests.processor.test_smolvla_processor" name="test_smolvla_newline_processor_state_dict" time="0.000" /><testcase classname="tests.processor.test_smolvla_processor" name="test_smolvla_newline_processor_transform_features" time="0.000" /><testcase classname="tests.processor.test_smolvla_processor" name="test_smolvla_processor_bfloat16_device_float32_normalizer" time="0.001" /><testcase classname="tests.processor.test_tdmpc_processor" name="test_make_tdmpc_processor_basic" time="0.000" /><testcase classname="tests.processor.test_tdmpc_processor" name="test_tdmpc_processor_normalization" time="0.001" /><testcase classname="tests.processor.test_tdmpc_processor" name="test_tdmpc_processor_cuda" time="0.001" /><testcase classname="tests.processor.test_tdmpc_processor" name="test_tdmpc_processor_accelerate_scenario" time="0.001" /><testcase classname="tests.processor.test_tdmpc_processor" name="test_tdmpc_processor_multi_gpu" time="0.000"><skipped type="pytest.skip" message="Requires at least 2 GPUs">/home/droid/project/lerobot_droid/.worktrees/upstream-0.6-custom/tests/processor/test_tdmpc_processor.py:201: Requires at least 2 GPUs</skipped></testcase><testcase classname="tests.processor.test_tdmpc_processor" name="test_tdmpc_processor_without_stats" time="0.001" /><testcase classname="tests.processor.test_tdmpc_processor" name="test_tdmpc_processor_save_and_load" time="0.001" /><testcase classname="tests.processor.test_tdmpc_processor" name="test_tdmpc_processor_mixed_precision" time="0.001" /><testcase classname="tests.processor.test_tdmpc_processor" name="test_tdmpc_processor_batch_data" time="0.026" /><testcase classname="tests.processor.test_tdmpc_processor" name="test_tdmpc_processor_edge_cases" time="0.001" /><testcase classname="tests.processor.test_tdmpc_processor" name="test_tdmpc_processor_bfloat16_device_float32_normalizer" time="0.002" /><testcase classname="tests.processor.test_tokenizer_processor" name="test_action_tokenizer_config_preserves_token_mapping" time="0.000" /><testcase classname="tests.processor.test_tokenizer_processor" name="test_action_tokenizer_can_reject_truncated_sequences" time="0.000" /><testcase classname="tests.processor.test_tokenizer_processor" name="test_basic_tokenization" time="0.001" /><testcase classname="tests.processor.test_tokenizer_processor" name="test_basic_tokenization_with_tokenizer_object" time="0.001" /><testcase classname="tests.processor.test_tokenizer_processor" name="test_list_of_strings_tokenization" time="0.001" /><testcase classname="tests.processor.test_tokenizer_processor" name="test_tuple_of_strings_tokenization" time="0.001" /><testcase classname="tests.processor.test_tokenizer_processor" name="test_custom_keys" time="0.001" /><testcase classname="tests.processor.test_tokenizer_processor" name="test_none_complementary_data" time="0.001" /><testcase classname="tests.processor.test_tokenizer_processor" name="test_missing_task_key" time="0.001" /><testcase classname="tests.processor.test_tokenizer_processor" name="test_none_task_value" time="0.001" /><testcase classname="tests.processor.test_tokenizer_processor" name="test_unsupported_task_type" time="0.001" /><testcase classname="tests.processor.test_tokenizer_processor" name="test_no_tokenizer_error" time="0.001" /><testcase classname="tests.processor.test_tokenizer_processor" name="test_invalid_tokenizer_name_error" time="0.001" /><testcase classname="tests.processor.test_tokenizer_processor" name="test_get_config_with_tokenizer_name" time="0.001" /><testcase classname="tests.processor.test_tokenizer_processor" name="test_get_config_with_tokenizer_object" time="0.001" /><testcase classname="tests.processor.test_tokenizer_processor" name="test_state_dict_methods" time="0.001" /><testcase classname="tests.processor.test_tokenizer_processor" name="test_reset_method" time="0.001" /><testcase classname="tests.processor.test_tokenizer_processor" name="test_integration_with_robot_processor" time="0.001" /><testcase classname="tests.processor.test_tokenizer_processor" name="test_save_and_load_pretrained_with_tokenizer_name" time="0.001" /><testcase classname="tests.processor.test_tokenizer_processor" name="test_save_and_load_pretrained_with_tokenizer_object" time="0.001" /><testcase classname="tests.processor.test_tokenizer_processor" name="test_registry_functionality" time="0.001" /><testcase classname="tests.processor.test_tokenizer_processor" name="test_features_basic" time="0.001" /><testcase classname="tests.processor.test_tokenizer_processor" name="test_features_with_custom_max_length" time="0.001" /><testcase classname="tests.processor.test_tokenizer_processor" name="test_features_existing_features" time="0.001" /><testcase classname="tests.processor.test_tokenizer_processor" name="test_tokenization_parameters" time="0.001" /><testcase classname="tests.processor.test_tokenizer_processor" name="test_preserves_other_complementary_data" time="0.001" /><testcase classname="tests.processor.test_tokenizer_processor" name="test_deterministic_tokenization" time="0.001" /><testcase classname="tests.processor.test_tokenizer_processor" name="test_empty_string_task" time="0.001" /><testcase classname="tests.processor.test_tokenizer_processor" name="test_very_long_task" time="0.001" /><testcase classname="tests.processor.test_tokenizer_processor" name="test_custom_padding_side" time="0.001" /><testcase classname="tests.processor.test_tokenizer_processor" name="test_device_detection_cpu" time="0.001" /><testcase classname="tests.processor.test_tokenizer_processor" name="test_device_detection_cuda" time="0.001" /><testcase classname="tests.processor.test_tokenizer_processor" name="test_device_detection_multi_gpu" time="0.000"><skipped type="pytest.skip" message="Requires at least 2 GPUs">/home/droid/project/lerobot_droid/.worktrees/upstream-0.6-custom/tests/processor/test_tokenizer_processor.py:933: Requires at least 2 GPUs</skipped></testcase><testcase classname="tests.processor.test_tokenizer_processor" name="test_device_detection_no_tensors" time="0.001" /><testcase classname="tests.processor.test_tokenizer_processor" name="test_device_detection_mixed_devices" time="0.001" /><testcase classname="tests.processor.test_tokenizer_processor" name="test_device_detection_from_action" time="0.001" /><testcase classname="tests.processor.test_tokenizer_processor" name="test_device_detection_preserves_dtype" time="0.001" /><testcase classname="tests.processor.test_tokenizer_processor" name="test_integration_with_device_processor" time="0.001" /><testcase classname="tests.processor.test_tokenizer_processor" name="test_simulated_accelerate_scenario" time="0.001" /><testcase classname="tests.processor.test_tokenizer_processor" name="test_get_subtask_missing_key" time="0.001" /><testcase classname="tests.processor.test_tokenizer_processor" name="test_get_subtask_none_value" time="0.001" /><testcase classname="tests.processor.test_tokenizer_processor" name="test_get_subtask_none_complementary_data" time="0.001" /><testcase classname="tests.processor.test_tokenizer_processor" name="test_get_subtask_string" time="0.001" /><testcase classname="tests.processor.test_tokenizer_processor" name="test_get_subtask_list_of_strings" time="0.001" /><testcase classname="tests.processor.test_tokenizer_processor" name="test_get_subtask_unsupported_type_integer" time="0.001" /><testcase classname="tests.processor.test_tokenizer_processor" name="test_get_subtask_unsupported_type_mixed_list" time="0.001" /><testcase classname="tests.processor.test_tokenizer_processor" name="test_get_subtask_unsupported_type_dict" time="0.001" /><testcase classname="tests.processor.test_tokenizer_processor" name="test_get_subtask_empty_string" time="0.001" /><testcase classname="tests.processor.test_tokenizer_processor" name="test_get_subtask_empty_list" time="0.001" /><testcase classname="tests.processor.test_tokenizer_processor" name="test_subtask_tokenization_when_present" time="0.001" /><testcase classname="tests.processor.test_tokenizer_processor" name="test_subtask_tokenization_not_added_when_none" time="0.001" /><testcase classname="tests.processor.test_tokenizer_processor" name="test_subtask_tokenization_not_added_when_subtask_value_is_none" time="0.001" /><testcase classname="tests.processor.test_tokenizer_processor" name="test_subtask_tokenization_list_of_strings" time="0.001" /><testcase classname="tests.processor.test_tokenizer_processor" name="test_subtask_tokenization_device_cpu" time="0.001" /><testcase classname="tests.processor.test_tokenizer_processor" name="test_subtask_tokenization_device_cuda" time="0.001" /><testcase classname="tests.processor.test_tokenizer_processor" name="test_subtask_tokenization_preserves_other_observation_data" time="0.001" /><testcase classname="tests.processor.test_tokenizer_processor" name="test_subtask_attention_mask_dtype" time="0.001" /><testcase classname="tests.processor.test_tokenizer_processor" name="test_subtask_tokenization_deterministic" time="0.001" /><testcase classname="tests.processor.test_tokenizer_processor" name="test_subtask_tokenization_integration_with_pipeline" time="0.001" /><testcase classname="tests.processor.test_tokenizer_processor" name="test_subtask_not_added_for_unsupported_types" time="0.001" /><testcase classname="tests.processor.test_vqbet_processor" name="test_make_vqbet_processor_basic" time="0.000" /><testcase classname="tests.processor.test_vqbet_processor" name="test_vqbet_processor_with_images" time="0.001" /><testcase classname="tests.processor.test_vqbet_processor" name="test_vqbet_processor_cuda" time="0.001" /><testcase classname="tests.processor.test_vqbet_processor" name="test_vqbet_processor_accelerate_scenario" time="0.001" /><testcase classname="tests.processor.test_vqbet_processor" name="test_vqbet_processor_multi_gpu" time="0.000"><skipped type="pytest.skip" message="Requires at least 2 GPUs">/home/droid/project/lerobot_droid/.worktrees/upstream-0.6-custom/tests/processor/test_vqbet_processor.py:195: Requires at least 2 GPUs</skipped></testcase><testcase classname="tests.processor.test_vqbet_processor" name="test_vqbet_processor_without_stats" time="0.001" /><testcase classname="tests.processor.test_vqbet_processor" name="test_vqbet_processor_save_and_load" time="0.001" /><testcase classname="tests.processor.test_vqbet_processor" name="test_vqbet_processor_mixed_precision" time="0.002" /><testcase classname="tests.processor.test_vqbet_processor" name="test_vqbet_processor_large_batch" time="0.049" /><testcase classname="tests.processor.test_vqbet_processor" name="test_vqbet_processor_sequential_processing" time="0.002" /><testcase classname="tests.processor.test_vqbet_processor" name="test_vqbet_processor_bfloat16_device_float32_normalizer" time="0.001" /><testcase classname="tests.distributed.test_checkpoint_wrappers" name="test_load_sharded_optimizer_passes_exact_shard_dir" time="0.000" /><testcase classname="tests.distributed.test_checkpoint_wrappers" name="test_load_sharded_model_passes_exact_shard_dir" time="0.000" /><testcase classname="tests.distributed.test_parallel_dims_and_factory.TestIsMainProcess" name="test_true_outside_distributed" time="0.000" /><testcase classname="tests.distributed.test_parallel_dims_and_factory.TestParallelDims" name="test_from_resolved_config" time="0.000" /><testcase classname="tests.distributed.test_parallel_dims_and_factory.TestParallelDims" name="test_rejects_unresolved_config" time="0.000" /><testcase classname="tests.distributed.test_parallel_dims_and_factory.TestParallelDims" name="test_rejects_world_mismatch" time="0.000" /><testcase classname="tests.distributed.test_parallel_dims_and_factory.TestParallelDims" name="test_cp_mesh_reserved" time="0.000" /><testcase classname="tests.distributed.test_parallel_dims_and_factory.TestParallelDims" name="test_cp_peers_share_dp_rank_arithmetic" time="0.000" /><testcase classname="tests.distributed.test_parallel_dims_and_factory.TestParallelDims" name="test_config_placeholder_degrees_flow_through" time="0.000" /><testcase classname="tests.distributed.test_parallel_dims_and_factory.TestEnvGuard" name="test_clean_env_passes" time="0.000" /><testcase classname="tests.distributed.test_parallel_dims_and_factory.TestEnvGuard" name="test_accelerate_env_rejected_with_actionable_error[ACCELERATE_USE_FSDP]" time="0.000" /><testcase classname="tests.distributed.test_parallel_dims_and_factory.TestEnvGuard" name="test_accelerate_env_rejected_with_actionable_error[ACCELERATE_USE_PARALLELISM_CONFIG]" time="0.001" /><testcase classname="tests.distributed.test_parallel_dims_and_factory.TestEnvGuard" name="test_accelerate_env_rejected_with_actionable_error[ACCELERATE_GRADIENT_ACCUMULATION_STEPS]" time="0.000" /><testcase classname="tests.distributed.test_parallel_dims_and_factory.TestEnvGuard" name="test_override_acknowledges" time="0.000" /><testcase classname="tests.distributed.test_parallel_dims_and_factory" name="test_make_accelerator_rejects_format_after_sentinel_resolution" time="0.000" /><testcase classname="tests.common.test_checkpoint_legacy_contracts.TestV060HardBreak" name="test_sharded_resume_fails_with_ordinary_missing_artifact_error" time="0.075" /><testcase classname="tests.common.test_checkpoint_legacy_contracts.TestV060HardBreak" name="test_weights_remain_loadable_via_from_pretrained" time="0.004" /><testcase classname="tests.common.test_checkpoint_legacy_contracts.TestV060HardBreak" name="test_topology_reader_falls_back_to_legacy_num_processes" time="0.003" /><testcase classname="tests.common.test_checkpoint_legacy_contracts.TestConverterEquivalence" name="test_dcp_to_safetensors_output_equals_direct_gather" time="0.029" /><testcase classname="tests.common.test_checkpoint_save_resume.TestSaveCheckpoint" name="test_non_sharded_layout" time="0.003" /><testcase classname="tests.common.test_checkpoint_save_resume.TestSaveCheckpoint" name="test_training_step_records_topology" time="0.002" /><testcase classname="tests.common.test_checkpoint_save_resume.TestSaveCheckpoint" name="test_dp_world_size_legacy_fallback" time="0.001" /><testcase classname="tests.common.test_checkpoint_save_resume.TestResume" name="test_two_phase_resume_round_trip" time="0.003" /><testcase classname="tests.common.test_checkpoint_save_resume.TestResume" name="test_resume_warns_on_changed_cadence_and_topology" time="0.003" /><testcase classname="tests.common.test_checkpoint_save_resume.TestResume" name="test_resume_unchanged_settings_stay_silent" time="0.002" /><testcase classname="tests.common.test_checkpoint_save_resume.TestResume" name="test_resume_rejects_non_sharded_checkpoint_on_sharded_run" time="0.002" /><testcase classname="tests.common.test_checkpoint_save_resume.TestResume" name="test_resume_rejects_sharded_checkpoint_on_non_sharded_run" time="0.002" /><testcase classname="tests.common.test_checkpoint_save_resume.TestResume" name="test_resume_before_prepare_requires_training_state" time="0.001" /><testcase classname="tests.common.test_checkpoint_save_resume.TestResume" name="test_dcp_format_integrity_preflight" time="0.002" /><testcase classname="tests.training.test_ema" name="test_ema_config_defaults_match_the_reference" time="0.000" /><testcase classname="tests.training.test_ema" name="test_ema_config_rejects_invalid_values[kwargs0]" time="0.000" /><testcase classname="tests.training.test_ema" name="test_ema_config_rejects_invalid_values[kwargs1]" time="0.000" /><testcase classname="tests.training.test_ema" name="test_ema_config_rejects_invalid_values[kwargs2]" time="0.000" /><testcase classname="tests.training.test_ema" name="test_ema_config_rejects_invalid_values[kwargs3]" time="0.000" /><testcase classname="tests.training.test_ema" name="test_ema_config_rejects_invalid_values[kwargs4]" time="0.000" /><testcase classname="tests.training.test_ema" name="test_ema_config_rejects_invalid_values[kwargs5]" time="0.000" /><testcase classname="tests.training.test_ema" name="test_ema_config_rejects_invalid_values[kwargs6]" time="0.000" /><testcase classname="tests.training.test_ema" name="test_ema_config_rejects_invalid_values[kwargs7]" time="0.000" /><testcase classname="tests.training.test_ema" name="test_ema_config_rejects_invalid_values[kwargs8]" time="0.000" /><testcase classname="tests.training.test_ema" name="test_ema_config_rejects_invalid_values[kwargs9]" time="0.000" /><testcase classname="tests.training.test_ema" name="test_ema_config_cli_parsing" time="0.069" /><testcase classname="tests.training.test_ema" name="test_ema_config_cli_parsing_constant_decay" time="0.068" /><testcase classname="tests.training.test_ema" name="test_ema_constant_decay_pins_the_schedule" time="0.003" /><testcase classname="tests.training.test_ema" name="test_ema_weights_context_swaps_and_restores" time="0.001" /><testcase classname="tests.training.test_ema" name="test_train_diffusion_with_ema_checkpoint_and_resume" time="1.097" /><testcase classname="tests.training.test_ema" name="test_train_with_constant_ema_decay" time="0.404" /><testcase classname="tests.training.test_ema" name="test_train_with_ema_and_gradient_accumulation" time="0.644" /><testcase classname="tests.training.test_ema" name="test_train_without_ema_writes_no_ema_files" time="0.316" /><testcase classname="tests.scripts.test_lerobot_train_batch_preprocessing" name="test_preprocess_dataset_batch_normalizes_and_renames_before_processor" time="0.001" /><testcase classname="tests.scripts.test_train_remote_dispatch" name="test_remote_target_detected_space_separated" time="0.000" /><testcase classname="tests.scripts.test_train_remote_dispatch" name="test_remote_target_detected_equals" time="0.000" /><testcase classname="tests.scripts.test_train_remote_dispatch" name="test_local_string_is_not_remote" time="0.000" /><testcase classname="tests.scripts.test_train_remote_dispatch" name="test_no_target_is_not_remote" time="0.000" /><testcase classname="tests.scripts.test_train_remote_dispatch" name="test_train_dispatches_to_submit_when_remote" time="0.069" /></testsuite></testsuites>